Checking for new versions...

A newer version of the Stripe CLI is available, please update to: v1.5.5
Getting ready...
Ready! Your webhook signing secret is whsec_Q9TgLG0reD3nk7WicRHETA8jpXqTpY7z (^C to quit)
2020-11-23 14:11:59   --> payment_intent.created [evt_1HqflrDe4E0hIPO5cvNw5cur]
2020-11-23 14:11:59  <--  [200] POST http://localhost:8080/api/payments/webhook [evt_1HqflrDe4E0hIPO5cvNw5cur]
2020-11-23 14:12:06   --> charge.succeeded [evt_1HqflxDe4E0hIPO5IJVH2LuA]
2020-11-23 14:12:06  <--  [200] POST http://localhost:8080/api/payments/webhook [evt_1HqflxDe4E0hIPO5IJVH2LuA]
2020-11-23 14:12:08   --> payment_intent.succeeded [evt_1HqflxDe4E0hIPO5ExTe8EAY]
2020-11-23 14:12:08  <--  [200] POST http://localhost:8080/api/payments/webhook [evt_1HqflxDe4E0hIPO5ExTe8EAY]
2020-11-24 14:24:47   --> payment_intent.created [evt_1Hr2RnDe4E0hIPO5EppU8aaR]
2020-11-24 14:24:47  <--  [200] POST http://localhost:8080/api/payments/webhook [evt_1Hr2RnDe4E0hIPO5EppU8aaR]
2020-11-24 14:24:56   --> charge.succeeded [evt_1Hr2RwDe4E0hIPO5hLsj4yTm]
2020-11-24 14:24:56  <--  [200] POST http://localhost:8080/api/payments/webhook [evt_1Hr2RwDe4E0hIPO5hLsj4yTm]
2020-11-24 14:24:56   --> payment_intent.succeeded [evt_1Hr2RwDe4E0hIPO5QwbZh4LY]
2020-11-24 14:24:56  <--  [500] POST http://localhost:8080/api/payments/webhook [evt_1Hr2RwDe4E0hIPO5QwbZh4LY]
2020-11-24 14:32:17   --> payment_intent.created [evt_1Hr2Z1De4E0hIPO5ST0yjvAE]
2020-11-24 14:32:17  <--  [200] POST http://localhost:8080/api/payments/webhook [evt_1Hr2Z1De4E0hIPO5ST0yjvAE]
2020-11-24 14:32:22   --> payment_intent.succeeded [evt_1Hr2Z8De4E0hIPO5rmqi9nev]
2020-11-24 14:32:22  <--  [500] POST http://localhost:8080/api/payments/webhook [evt_1Hr2Z8De4E0hIPO5rmqi9nev]
2020-11-24 14:32:22   --> charge.succeeded [evt_1Hr2Z8De4E0hIPO5Kv8DrhJH]
2020-11-24 14:32:22  <--  [200] POST http://localhost:8080/api/payments/webhook [evt_1Hr2Z8De4E0hIPO5Kv8DrhJH]
2020-11-24 14:35:54   --> payment_intent.created [evt_1Hr2cYDe4E0hIPO525oPXCkJ]
2020-11-24 14:35:54  <--  [200] POST http://localhost:8080/api/payments/webhook [evt_1Hr2cYDe4E0hIPO525oPXCkJ]
2020-11-24 14:36:01   --> charge.succeeded [evt_1Hr2cfDe4E0hIPO5Ni9Ce0Gt]
2020-11-24 14:36:01  <--  [200] POST http://localhost:8080/api/payments/webhook [evt_1Hr2cfDe4E0hIPO5Ni9Ce0Gt]
2020-11-24 14:36:01   --> payment_intent.succeeded [evt_1Hr2ceDe4E0hIPO5i1Ln1rpD]
2020-11-24 14:36:01  <--  [500] POST http://localhost:8080/api/payments/webhook [evt_1Hr2ceDe4E0hIPO5i1Ln1rpD]
2020-11-24 14:55:33   --> payment_intent.created [evt_1Hr2vYDe4E0hIPO5YivbdK4R]
2020-11-24 14:55:33  <--  [200] POST http://localhost:8080/api/payments/webhook [evt_1Hr2vYDe4E0hIPO5YivbdK4R]
2020-11-24 14:55:50   --> payment_intent.succeeded [evt_1Hr2vpDe4E0hIPO5VBeXxcL2]
2020-11-24 14:55:50  <--  [200] POST http://localhost:8080/api/payments/webhook [evt_1Hr2vpDe4E0hIPO5VBeXxcL2]
2020-11-24 14:55:50   --> charge.succeeded [evt_1Hr2vpDe4E0hIPO5u7arbTRh]
2020-11-24 14:55:50  <--  [200] POST http://localhost:8080/api/payments/webhook [evt_1Hr2vpDe4E0hIPO5u7arbTRh]
2020-11-24 14:56:55   --> payment_intent.created [evt_1Hr2wtDe4E0hIPO5yt7CtxHd]
2020-11-24 14:56:55  <--  [200] POST http://localhost:8080/api/payments/webhook [evt_1Hr2wtDe4E0hIPO5yt7CtxHd]
2020-11-24 14:57:03   --> payment_intent.succeeded [evt_1Hr2wzDe4E0hIPO5A28ZNfRU]
2020-11-24 14:57:03  <--  [500] POST http://localhost:8080/api/payments/webhook [evt_1Hr2wzDe4E0hIPO5A28ZNfRU]
2020-11-24 14:57:03   --> charge.succeeded [evt_1Hr2wzDe4E0hIPO50soByjF0]
2020-11-24 14:57:03  <--  [200] POST http://localhost:8080/api/payments/webhook [evt_1Hr2wzDe4E0hIPO50soByjF0]
2020-11-24 15:17:33   --> payment_intent.created [evt_1Hr3GqDe4E0hIPO5MEBqssei]
2020-11-24 15:17:33  <--  [200] POST http://localhost:8080/api/payments/webhook [evt_1Hr3GqDe4E0hIPO5MEBqssei]
2020-11-24 15:17:38   --> charge.succeeded [evt_1Hr3GwDe4E0hIPO56ssAyiH2]
2020-11-24 15:17:38  <--  [200] POST http://localhost:8080/api/payments/webhook [evt_1Hr3GwDe4E0hIPO56ssAyiH2]
2020-11-24 15:17:39   --> payment_intent.succeeded [evt_1Hr3GwDe4E0hIPO5RYUsPpkg]
2020-11-24 15:17:39  <--  [500] POST http://localhost:8080/api/payments/webhook [evt_1Hr3GwDe4E0hIPO5RYUsPpkg]
2020-11-24 15:23:36   --> payment_intent.created [evt_1Hr3MiDe4E0hIPO5abwTskhH]
2020-11-24 15:23:36  <--  [200] POST http://localhost:8080/api/payments/webhook [evt_1Hr3MiDe4E0hIPO5abwTskhH]
2020-11-24 15:23:42   --> payment_intent.succeeded [evt_1Hr3MoDe4E0hIPO5VkAFECUC]
2020-11-24 15:23:42   --> charge.succeeded [evt_1Hr3MoDe4E0hIPO5yWZ6aB0n]
2020-11-24 15:23:42  <--  [200] POST http://localhost:8080/api/payments/webhook [evt_1Hr3MoDe4E0hIPO5yWZ6aB0n]
2020-11-24 15:23:42  <--  [500] POST http://localhost:8080/api/payments/webhook [evt_1Hr3MoDe4E0hIPO5VkAFECUC]
2020-11-24 18:05:12   --> payment_intent.created [evt_1Hr5t6De4E0hIPO5JbgMN8HB]
2020-11-24 18:05:12  <--  [200] POST http://localhost:8080/api/payments/webhook [evt_1Hr5t6De4E0hIPO5JbgMN8HB]
2020-11-24 18:05:19   --> payment_intent.succeeded [evt_1Hr5tDDe4E0hIPO5hqNaP7ow]
2020-11-24 18:05:19   --> charge.succeeded [evt_1Hr5tDDe4E0hIPO5RWcv6QSZ]
2020-11-24 18:05:19  <--  [500] POST http://localhost:8080/api/payments/webhook [evt_1Hr5tDDe4E0hIPO5hqNaP7ow]
2020-11-24 18:05:19  <--  [200] POST http://localhost:8080/api/payments/webhook [evt_1Hr5tDDe4E0hIPO5RWcv6QSZ]
2020-11-24 18:28:28   --> payment_intent.created [evt_1Hr6FcDe4E0hIPO5d5JJdi0D]
2020-11-24 18:28:28  <--  [200] POST http://localhost:8080/api/payments/webhook [evt_1Hr6FcDe4E0hIPO5d5JJdi0D]
2020-11-24 18:28:35   --> payment_intent.succeeded [evt_1Hr6FiDe4E0hIPO5ljBDk74I]
2020-11-24 18:28:35   --> charge.succeeded [evt_1Hr6FiDe4E0hIPO51CyEVV7D]
2020-11-24 18:28:35  <--  [200] POST http://localhost:8080/api/payments/webhook [evt_1Hr6FiDe4E0hIPO51CyEVV7D]
2020-11-24 18:28:35  <--  [500] POST http://localhost:8080/api/payments/webhook [evt_1Hr6FiDe4E0hIPO5ljBDk74I]
2020-11-25 11:37:37   --> payment_intent.created [evt_1HrMJZDe4E0hIPO5col05cPa]
2020-11-25 11:37:37  <--  [200] POST http://localhost:8080/api/payments/webhook [evt_1HrMJZDe4E0hIPO5col05cPa]
2020-11-25 11:37:43   --> payment_intent.succeeded [evt_1HrMJfDe4E0hIPO5jWPdQ6D0]
2020-11-25 11:37:43  <--  [200] POST http://localhost:8080/api/payments/webhook [evt_1HrMJfDe4E0hIPO5jWPdQ6D0]
2020-11-25 11:37:43   --> charge.succeeded [evt_1HrMJfDe4E0hIPO51nVdArwT]
2020-11-25 11:37:43  <--  [200] POST http://localhost:8080/api/payments/webhook [evt_1HrMJfDe4E0hIPO51nVdArwT]
2020-11-26 00:12:43   --> balance.available [evt_1HrY6JDe4E0hIPO57Su2yZqa]
2020-11-26 00:12:43  <--  [200] POST http://localhost:8080/api/payments/webhook [evt_1HrY6JDe4E0hIPO57Su2yZqa]
2020-11-26 14:17:44   --> payment_intent.created [evt_1HrlI3De4E0hIPO59Tl2qzNK]
2020-11-26 14:17:44  <--  [200] POST http://localhost:8080/api/payments/webhook [evt_1HrlI3De4E0hIPO59Tl2qzNK]
2020-11-26 14:18:01   --> payment_intent.created [evt_1HrlILDe4E0hIPO5WpsNG3qq]
2020-11-26 14:18:01  <--  [200] POST http://localhost:8080/api/payments/webhook [evt_1HrlILDe4E0hIPO5WpsNG3qq]
2020-11-26 14:18:31   --> payment_intent.created [evt_1HrlImDe4E0hIPO54KNo7Nce]
2020-11-26 14:18:31  <--  [200] POST http://localhost:8080/api/payments/webhook [evt_1HrlImDe4E0hIPO54KNo7Nce]
2020-11-26 14:18:31   --> payment_intent.created [evt_1HrlIpDe4E0hIPO5TAV68vRH]
2020-11-26 14:18:31  <--  [200] POST http://localhost:8080/api/payments/webhook [evt_1HrlIpDe4E0hIPO5TAV68vRH]
2020-11-26 14:18:56   --> payment_intent.created [evt_1HrlJDDe4E0hIPO5WtS7OzIW]
2020-11-26 14:18:56  <--  [200] POST http://localhost:8080/api/payments/webhook [evt_1HrlJDDe4E0hIPO5WtS7OzIW]
2020-11-26 14:19:14   --> payment_intent.created [evt_1HrlJWDe4E0hIPO5gVgguC8K]
2020-11-26 14:19:14  <--  [200] POST http://localhost:8080/api/payments/webhook [evt_1HrlJWDe4E0hIPO5gVgguC8K]
2020-11-26 14:20:07   --> payment_intent.created [evt_1HrlKMDe4E0hIPO5TAxU7ftK]
2020-11-26 14:20:07  <--  [200] POST http://localhost:8080/api/payments/webhook [evt_1HrlKMDe4E0hIPO5TAxU7ftK]
2020-11-26 14:20:29   --> payment_intent.created [evt_1HrlKiDe4E0hIPO5MxyrOa73]
2020-11-26 14:20:29  <--  [200] POST http://localhost:8080/api/payments/webhook [evt_1HrlKiDe4E0hIPO5MxyrOa73]
2020-11-26 15:12:51   --> payment_intent.created [evt_1Hrm9PDe4E0hIPO5mPqRgjHW]
2020-11-26 15:12:51  <--  [200] POST http://localhost:8080/api/payments/webhook [evt_1Hrm9PDe4E0hIPO5mPqRgjHW]
2020-11-26 15:13:06   --> payment_intent.succeeded [evt_1Hrm9dDe4E0hIPO5Er7wVRB1]
2020-11-26 15:13:06  <--  [500] POST http://localhost:8080/api/payments/webhook [evt_1Hrm9dDe4E0hIPO5Er7wVRB1]
2020-11-26 15:13:06   --> charge.succeeded [evt_1Hrm9dDe4E0hIPO50b2iQ0PC]
2020-11-26 15:13:06  <--  [200] POST http://localhost:8080/api/payments/webhook [evt_1Hrm9dDe4E0hIPO50b2iQ0PC]
2020-11-26 15:15:19   --> payment_intent.created [evt_1HrmBmDe4E0hIPO5ZP3OQEFr]
2020-11-26 15:15:19  <--  [200] POST http://localhost:8080/api/payments/webhook [evt_1HrmBmDe4E0hIPO5ZP3OQEFr]
2020-11-26 15:15:26   --> payment_intent.succeeded [evt_1HrmBtDe4E0hIPO56dn2k7ZE]
2020-11-26 15:15:26  <--  [200] POST http://localhost:8080/api/payments/webhook [evt_1HrmBtDe4E0hIPO56dn2k7ZE]
2020-11-26 15:15:26   --> charge.succeeded [evt_1HrmBtDe4E0hIPO5Iq2SSPX1]
2020-11-26 15:15:26  <--  [200] POST http://localhost:8080/api/payments/webhook [evt_1HrmBtDe4E0hIPO5Iq2SSPX1]
2020-11-26 15:17:30   --> payment_intent.created [evt_1HrmDtDe4E0hIPO52XUrh3QI]
2020-11-26 15:17:30  <--  [200] POST http://localhost:8080/api/payments/webhook [evt_1HrmDtDe4E0hIPO52XUrh3QI]
2020-11-26 15:17:36   --> payment_intent.succeeded [evt_1HrmE0De4E0hIPO5IgCPLDnb]
2020-11-26 15:17:36  <--  [500] POST http://localhost:8080/api/payments/webhook [evt_1HrmE0De4E0hIPO5IgCPLDnb]
2020-11-26 15:17:36   --> charge.succeeded [evt_1HrmE0De4E0hIPO5SOditMfs]
2020-11-26 15:17:36  <--  [200] POST http://localhost:8080/api/payments/webhook [evt_1HrmE0De4E0hIPO5SOditMfs]
2020-11-26 15:20:35   --> payment_intent.created [evt_1HrmGsDe4E0hIPO5155a5kc6]
2020-11-26 15:20:35  <--  [200] POST http://localhost:8080/api/payments/webhook [evt_1HrmGsDe4E0hIPO5155a5kc6]
2020-11-26 15:33:44   --> payment_intent.created [evt_1HrmTbDe4E0hIPO5owsVvi3w]
2020-11-26 15:33:44  <--  [200] POST http://localhost:8080/api/payments/webhook [evt_1HrmTbDe4E0hIPO5owsVvi3w]
2020-11-26 16:39:15   --> payment_intent.created [evt_1HrnV1De4E0hIPO5AOIEzKBF]
2020-11-26 16:39:15  <--  [200] POST http://localhost:8080/api/payments/webhook [evt_1HrnV1De4E0hIPO5AOIEzKBF]
2020-11-26 16:39:23   --> payment_intent.succeeded [evt_1HrnV8De4E0hIPO56Fvs6I1f]
2020-11-26 16:39:23  <--  [200] POST http://localhost:8080/api/payments/webhook [evt_1HrnV8De4E0hIPO56Fvs6I1f]
2020-11-26 16:39:23   --> charge.succeeded [evt_1HrnV8De4E0hIPO5jKSgBIq7]
2020-11-26 16:39:23  <--  [200] POST http://localhost:8080/api/payments/webhook [evt_1HrnV8De4E0hIPO5jKSgBIq7]
2020-11-26 16:41:39   --> payment_intent.created [evt_1HrnXKDe4E0hIPO5hODdENZb]
2020-11-26 16:41:39  <--  [200] POST http://localhost:8080/api/payments/webhook [evt_1HrnXKDe4E0hIPO5hODdENZb]
2020-11-26 16:41:44   --> payment_intent.succeeded [evt_1HrnXQDe4E0hIPO589UuH6gJ]
2020-11-26 16:41:44  <--  [500] POST http://localhost:8080/api/payments/webhook [evt_1HrnXQDe4E0hIPO589UuH6gJ]
2020-11-26 16:41:44   --> charge.succeeded [evt_1HrnXQDe4E0hIPO5It5VzYqU]
2020-11-26 16:41:44  <--  [200] POST http://localhost:8080/api/payments/webhook [evt_1HrnXQDe4E0hIPO5It5VzYqU]
2020-11-26 16:54:56   --> payment_intent.created [evt_1HrnkCDe4E0hIPO58741TutW]
2020-11-26 16:54:56  <--  [200] POST http://localhost:8080/api/payments/webhook [evt_1HrnkCDe4E0hIPO58741TutW]
2020-11-26 16:55:03   --> charge.succeeded [evt_1HrnkJDe4E0hIPO54AyZ1OXT]
2020-11-26 16:55:03  <--  [200] POST http://localhost:8080/api/payments/webhook [evt_1HrnkJDe4E0hIPO54AyZ1OXT]
2020-11-26 16:55:04   --> payment_intent.succeeded [evt_1HrnkJDe4E0hIPO5LCBB0wDV]
2020-11-26 16:55:04  <--  [200] POST http://localhost:8080/api/payments/webhook [evt_1HrnkJDe4E0hIPO5LCBB0wDV]
2020-11-26 17:03:28   --> charge.refunded [evt_1HrnsRDe4E0hIPO56GMifYyd]
2020-11-26 17:03:28  <--  [200] POST http://localhost:8080/api/payments/webhook [evt_1HrnsRDe4E0hIPO56GMifYyd]
2020-11-27 14:51:26   --> payment_intent.created [evt_1Hs8IEDe4E0hIPO5BS1ms9be]
2020-11-27 14:51:26  <--  [200] POST http://localhost:8080/api/payments/webhook [evt_1Hs8IEDe4E0hIPO5BS1ms9be]
2020-11-27 14:52:08   --> charge.succeeded [evt_1Hs8IuDe4E0hIPO5EjNMUG4a]
2020-11-27 14:52:08  <--  [200] POST http://localhost:8080/api/payments/webhook [evt_1Hs8IuDe4E0hIPO5EjNMUG4a]
2020-11-27 14:52:08   --> payment_intent.succeeded [evt_1Hs8IuDe4E0hIPO5wwsGNfMh]
2020-11-27 14:52:08  <--  [200] POST http://localhost:8080/api/payments/webhook [evt_1Hs8IuDe4E0hIPO5wwsGNfMh]
2020-11-28 15:03:01   --> payment_intent.created [evt_1HsUwzDe4E0hIPO5l68AKVIk]
2020-11-28 15:03:01  <--  [200] POST http://localhost:8080/api/payments/webhook [evt_1HsUwzDe4E0hIPO5l68AKVIk]
2020-11-28 15:06:08   --> payment_intent.created [evt_1HsUzyDe4E0hIPO5JlzEzLTR]
2020-11-28 15:06:08  <--  [200] POST http://localhost:8080/api/payments/webhook [evt_1HsUzyDe4E0hIPO5JlzEzLTR]
2020-11-28 15:06:20   --> payment_intent.succeeded [evt_1HsV0CDe4E0hIPO5IF0rXGzJ]
2020-11-28 15:06:20  <--  [200] POST http://localhost:8080/api/payments/webhook [evt_1HsV0CDe4E0hIPO5IF0rXGzJ]
2020-11-28 15:06:20   --> charge.succeeded [evt_1HsV0CDe4E0hIPO5OwX6EWZG]
2020-11-28 15:06:20  <--  [200] POST http://localhost:8080/api/payments/webhook [evt_1HsV0CDe4E0hIPO5OwX6EWZG]
2020-11-30 00:22:07   --> balance.available [evt_1Ht09aDe4E0hIPO5f0KeQfhO]
2020-11-30 00:22:07  <--  [200] POST http://localhost:8080/api/payments/webhook [evt_1Ht09aDe4E0hIPO5f0KeQfhO]
2020-11-30 12:01:45   --> payment_intent.created [evt_1HtB4eDe4E0hIPO5maQfvU9D]
2020-11-30 12:01:45  <--  [200] POST http://localhost:8080/api/payments/webhook [evt_1HtB4eDe4E0hIPO5maQfvU9D]
2020-11-30 12:28:11   --> payment_intent.created [evt_1HtBUFDe4E0hIPO5KK91yzPJ]
2020-11-30 12:28:11  <--  [200] POST http://localhost:8080/api/payments/webhook [evt_1HtBUFDe4E0hIPO5KK91yzPJ]
2020-11-30 12:50:31   --> payment_intent.created [evt_1HtBprDe4E0hIPO5m4JwiSoa]
2020-11-30 12:50:31  <--  [200] POST http://localhost:8080/api/payments/webhook [evt_1HtBprDe4E0hIPO5m4JwiSoa]
2020-11-30 12:50:55   --> payment_intent.created [evt_1HtBqEDe4E0hIPO5v5QLJvZC]
2020-11-30 12:50:55  <--  [200] POST http://localhost:8080/api/payments/webhook [evt_1HtBqEDe4E0hIPO5v5QLJvZC]
2020-11-30 12:51:14   --> payment_intent.created [evt_1HtBqXDe4E0hIPO5q3avIN5B]
2020-11-30 12:51:14  <--  [200] POST http://localhost:8080/api/payments/webhook [evt_1HtBqXDe4E0hIPO5q3avIN5B]
2020-11-30 12:51:25   --> payment_intent.created [evt_1HtBqjDe4E0hIPO5iW9b3YOH]
2020-11-30 12:51:25  <--  [200] POST http://localhost:8080/api/payments/webhook [evt_1HtBqjDe4E0hIPO5iW9b3YOH]
2020-11-30 12:54:51   --> payment_intent.created [evt_1HtBu3De4E0hIPO5ysNQaLaz]
2020-11-30 12:54:51  <--  [200] POST http://localhost:8080/api/payments/webhook [evt_1HtBu3De4E0hIPO5ysNQaLaz]
2020-11-30 12:55:00   --> payment_intent.created [evt_1HtBuCDe4E0hIPO5LCdFDkp0]
2020-11-30 12:55:00  <--  [200] POST http://localhost:8080/api/payments/webhook [evt_1HtBuCDe4E0hIPO5LCdFDkp0]
2020-11-30 12:57:35   --> payment_intent.created [evt_1HtBwhDe4E0hIPO5WNZs1rIh]
2020-11-30 12:57:35  <--  [200] POST http://localhost:8080/api/payments/webhook [evt_1HtBwhDe4E0hIPO5WNZs1rIh]
2020-11-30 12:57:49   --> payment_intent.created [evt_1HtBwuDe4E0hIPO5BjG8L8JB]
2020-11-30 12:57:49  <--  [200] POST http://localhost:8080/api/payments/webhook [evt_1HtBwuDe4E0hIPO5BjG8L8JB]
2020-11-30 12:58:19   --> payment_intent.created [evt_1HtBxPDe4E0hIPO5ZF1IsUae]
2020-11-30 12:58:19  <--  [200] POST http://localhost:8080/api/payments/webhook [evt_1HtBxPDe4E0hIPO5ZF1IsUae]
2020-11-30 12:58:27   --> payment_intent.created [evt_1HtBxXDe4E0hIPO5NVor2tFL]
2020-11-30 12:58:27  <--  [200] POST http://localhost:8080/api/payments/webhook [evt_1HtBxXDe4E0hIPO5NVor2tFL]
2020-11-30 12:58:33   --> payment_intent.created [evt_1HtBxdDe4E0hIPO5jSOhzAyR]
2020-11-30 12:58:33  <--  [200] POST http://localhost:8080/api/payments/webhook [evt_1HtBxdDe4E0hIPO5jSOhzAyR]
2020-11-30 12:59:22   --> payment_intent.created [evt_1HtByQDe4E0hIPO5gaaxVrTB]
2020-11-30 12:59:22  <--  [200] POST http://localhost:8080/api/payments/webhook [evt_1HtByQDe4E0hIPO5gaaxVrTB]
2020-11-30 12:59:45   --> payment_intent.created [evt_1HtBymDe4E0hIPO56AVeVw7I]
2020-11-30 12:59:45  <--  [200] POST http://localhost:8080/api/payments/webhook [evt_1HtBymDe4E0hIPO56AVeVw7I]
2020-11-30 13:00:21   --> payment_intent.created [evt_1HtBzLDe4E0hIPO5jG34tPRu]
2020-11-30 13:00:21  <--  [200] POST http://localhost:8080/api/payments/webhook [evt_1HtBzLDe4E0hIPO5jG34tPRu]
2020-11-30 13:00:23   --> payment_intent.created [evt_1HtBzPDe4E0hIPO5Sq8tl7n3]
2020-11-30 13:00:23  <--  [200] POST http://localhost:8080/api/payments/webhook [evt_1HtBzPDe4E0hIPO5Sq8tl7n3]
2020-11-30 13:00:40   --> payment_intent.created [evt_1HtBzfDe4E0hIPO5zNaD3raR]
2020-11-30 13:00:40  <--  [200] POST http://localhost:8080/api/payments/webhook [evt_1HtBzfDe4E0hIPO5zNaD3raR]
2020-11-30 13:01:16   --> payment_intent.created [evt_1HtC0GDe4E0hIPO5erteK4AF]
2020-11-30 13:01:16  <--  [200] POST http://localhost:8080/api/payments/webhook [evt_1HtC0GDe4E0hIPO5erteK4AF]
2020-11-30 13:01:33   --> payment_intent.created [evt_1HtC0XDe4E0hIPO5bAXuRQ0x]
2020-11-30 13:01:33  <--  [200] POST http://localhost:8080/api/payments/webhook [evt_1HtC0XDe4E0hIPO5bAXuRQ0x]
2020-11-30 13:01:56   --> payment_intent.created [evt_1HtC0uDe4E0hIPO5QyTB9QEH]
2020-11-30 13:01:56  <--  [200] POST http://localhost:8080/api/payments/webhook [evt_1HtC0uDe4E0hIPO5QyTB9QEH]
2020-11-30 13:04:18   --> payment_intent.created [evt_1HtC3CDe4E0hIPO56uOQUa9K]
2020-11-30 13:04:18  <--  [200] POST http://localhost:8080/api/payments/webhook [evt_1HtC3CDe4E0hIPO56uOQUa9K]
2020-11-30 13:04:27   --> payment_intent.created [evt_1HtC3KDe4E0hIPO5b40haz0b]
2020-11-30 13:04:27  <--  [200] POST http://localhost:8080/api/payments/webhook [evt_1HtC3KDe4E0hIPO5b40haz0b]
2020-11-30 13:04:37   --> payment_intent.created [evt_1HtC3UDe4E0hIPO5rKjnlTKx]
2020-11-30 13:04:37  <--  [200] POST http://localhost:8080/api/payments/webhook [evt_1HtC3UDe4E0hIPO5rKjnlTKx]
2020-11-30 13:04:46   --> payment_intent.created [evt_1HtC3eDe4E0hIPO5uLyAqDkq]
2020-11-30 13:04:46  <--  [200] POST http://localhost:8080/api/payments/webhook [evt_1HtC3eDe4E0hIPO5uLyAqDkq]
2020-11-30 13:04:49   --> payment_intent.created [evt_1HtC3hDe4E0hIPO5SeSKg4xc]
2020-11-30 13:04:49  <--  [200] POST http://localhost:8080/api/payments/webhook [evt_1HtC3hDe4E0hIPO5SeSKg4xc]
2020-11-30 13:05:01   --> payment_intent.created [evt_1HtC3sDe4E0hIPO52AjVb1XQ]
2020-11-30 13:05:01  <--  [200] POST http://localhost:8080/api/payments/webhook [evt_1HtC3sDe4E0hIPO52AjVb1XQ]
2020-11-30 13:05:26   --> payment_intent.created [evt_1HtC4IDe4E0hIPO5PQtO3p5i]
2020-11-30 13:05:26  <--  [200] POST http://localhost:8080/api/payments/webhook [evt_1HtC4IDe4E0hIPO5PQtO3p5i]
2020-11-30 13:05:29   --> payment_intent.created [evt_1HtC4LDe4E0hIPO5EDntNucU]
2020-11-30 13:05:29  <--  [200] POST http://localhost:8080/api/payments/webhook [evt_1HtC4LDe4E0hIPO5EDntNucU]
2020-11-30 13:05:36   --> payment_intent.created [evt_1HtC4RDe4E0hIPO5rMTWlgMb]
2020-11-30 13:05:36  <--  [200] POST http://localhost:8080/api/payments/webhook [evt_1HtC4RDe4E0hIPO5rMTWlgMb]
2020-11-30 13:05:43   --> payment_intent.created [evt_1HtC4ZDe4E0hIPO5opjoRFDw]
2020-11-30 13:05:43  <--  [200] POST http://localhost:8080/api/payments/webhook [evt_1HtC4ZDe4E0hIPO5opjoRFDw]
2020-11-30 13:06:12   --> payment_intent.created [evt_1HtC52De4E0hIPO5uiHFSY99]
2020-11-30 13:06:12  <--  [200] POST http://localhost:8080/api/payments/webhook [evt_1HtC52De4E0hIPO5uiHFSY99]
2020-11-30 13:06:44   --> payment_intent.created [evt_1HtC5YDe4E0hIPO5NDrh3ZSJ]
2020-11-30 13:06:44  <--  [200] POST http://localhost:8080/api/payments/webhook [evt_1HtC5YDe4E0hIPO5NDrh3ZSJ]
2020-11-30 13:07:10   --> payment_intent.created [evt_1HtC5yDe4E0hIPO5iQuLf50J]
2020-11-30 13:07:10  <--  [200] POST http://localhost:8080/api/payments/webhook [evt_1HtC5yDe4E0hIPO5iQuLf50J]
2020-11-30 13:07:58   --> payment_intent.created [evt_1HtC6jDe4E0hIPO5vErxFkBA]
2020-11-30 13:07:58  <--  [200] POST http://localhost:8080/api/payments/webhook [evt_1HtC6jDe4E0hIPO5vErxFkBA]
2020-11-30 13:08:50   --> payment_intent.created [evt_1HtC7aDe4E0hIPO5OO5mSrYr]
2020-11-30 13:08:50  <--  [200] POST http://localhost:8080/api/payments/webhook [evt_1HtC7aDe4E0hIPO5OO5mSrYr]
2020-11-30 13:09:10   --> payment_intent.created [evt_1HtC7uDe4E0hIPO52r87Iz0G]
2020-11-30 13:09:10  <--  [200] POST http://localhost:8080/api/payments/webhook [evt_1HtC7uDe4E0hIPO52r87Iz0G]
2020-11-30 13:13:13   --> payment_intent.created [evt_1HtCBpDe4E0hIPO5EjoKU17L]
2020-11-30 13:13:13  <--  [200] POST http://localhost:8080/api/payments/webhook [evt_1HtCBpDe4E0hIPO5EjoKU17L]
2020-11-30 13:16:50   --> payment_intent.created [evt_1HtCFKDe4E0hIPO5BHE6ox90]
2020-11-30 13:16:50  <--  [200] POST http://localhost:8080/api/payments/webhook [evt_1HtCFKDe4E0hIPO5BHE6ox90]
2020-11-30 13:16:55   --> payment_intent.created [evt_1HtCFPDe4E0hIPO5SEkGaTOf]
2020-11-30 13:16:55  <--  [200] POST http://localhost:8080/api/payments/webhook [evt_1HtCFPDe4E0hIPO5SEkGaTOf]
2020-11-30 13:16:57   --> payment_intent.created [evt_1HtCFRDe4E0hIPO5Q8NKpxbU]
2020-11-30 13:16:57  <--  [200] POST http://localhost:8080/api/payments/webhook [evt_1HtCFRDe4E0hIPO5Q8NKpxbU]
2020-11-30 13:17:01   --> payment_intent.created [evt_1HtCFVDe4E0hIPO5BKpLcqqV]
2020-11-30 13:17:01  <--  [200] POST http://localhost:8080/api/payments/webhook [evt_1HtCFVDe4E0hIPO5BKpLcqqV]
2020-11-30 13:17:07   --> payment_intent.created [evt_1HtCFbDe4E0hIPO5XHFRoOj1]
2020-11-30 13:17:07  <--  [200] POST http://localhost:8080/api/payments/webhook [evt_1HtCFbDe4E0hIPO5XHFRoOj1]
2020-11-30 13:17:14   --> payment_intent.created [evt_1HtCFiDe4E0hIPO5mEIgPwhz]
2020-11-30 13:17:14  <--  [200] POST http://localhost:8080/api/payments/webhook [evt_1HtCFiDe4E0hIPO5mEIgPwhz]
2020-11-30 13:19:19   --> payment_intent.created [evt_1HtCHjDe4E0hIPO5j0fbYW6M]
2020-11-30 13:19:19  <--  [200] POST http://localhost:8080/api/payments/webhook [evt_1HtCHjDe4E0hIPO5j0fbYW6M]
2020-11-30 13:20:06   --> payment_intent.created [evt_1HtCITDe4E0hIPO5MXJE0EDU]
2020-11-30 13:20:06  <--  [200] POST http://localhost:8080/api/payments/webhook [evt_1HtCITDe4E0hIPO5MXJE0EDU]
2020-11-30 13:21:01   --> payment_intent.created [evt_1HtCJMDe4E0hIPO542pRkeJk]
2020-11-30 13:21:01  <--  [200] POST http://localhost:8080/api/payments/webhook [evt_1HtCJMDe4E0hIPO542pRkeJk]
2020-11-30 13:21:20   --> payment_intent.created [evt_1HtCJfDe4E0hIPO5YVqfnclF]
2020-11-30 13:21:20  <--  [200] POST http://localhost:8080/api/payments/webhook [evt_1HtCJfDe4E0hIPO5YVqfnclF]
2020-11-30 13:21:39   --> payment_intent.created [evt_1HtCJzDe4E0hIPO5dFImN3hJ]
2020-11-30 13:21:39  <--  [200] POST http://localhost:8080/api/payments/webhook [evt_1HtCJzDe4E0hIPO5dFImN3hJ]
2020-11-30 13:21:46   --> payment_intent.created [evt_1HtCK6De4E0hIPO5nYf8xDr7]
2020-11-30 13:21:46  <--  [200] POST http://localhost:8080/api/payments/webhook [evt_1HtCK6De4E0hIPO5nYf8xDr7]
2020-11-30 13:22:10   --> payment_intent.created [evt_1HtCKUDe4E0hIPO5Snyd8QNG]
2020-11-30 13:22:10  <--  [200] POST http://localhost:8080/api/payments/webhook [evt_1HtCKUDe4E0hIPO5Snyd8QNG]
2020-11-30 13:22:13   --> payment_intent.created [evt_1HtCKXDe4E0hIPO5fzEPWGkN]
2020-11-30 13:22:13  <--  [200] POST http://localhost:8080/api/payments/webhook [evt_1HtCKXDe4E0hIPO5fzEPWGkN]
2020-11-30 13:22:23   --> payment_intent.created [evt_1HtCKhDe4E0hIPO5PPHZsKnJ]
2020-11-30 13:22:23  <--  [200] POST http://localhost:8080/api/payments/webhook [evt_1HtCKhDe4E0hIPO5PPHZsKnJ]
2020-11-30 13:23:02   --> payment_intent.created [evt_1HtCLKDe4E0hIPO5QopIgA1z]
2020-11-30 13:23:02  <--  [200] POST http://localhost:8080/api/payments/webhook [evt_1HtCLKDe4E0hIPO5QopIgA1z]
2020-11-30 13:23:22   --> payment_intent.created [evt_1HtCLeDe4E0hIPO5VwyYLev8]
2020-11-30 13:23:22  <--  [200] POST http://localhost:8080/api/payments/webhook [evt_1HtCLeDe4E0hIPO5VwyYLev8]
2020-11-30 13:23:28   --> payment_intent.created [evt_1HtCLkDe4E0hIPO5TMbWL00s]
2020-11-30 13:23:28  <--  [200] POST http://localhost:8080/api/payments/webhook [evt_1HtCLkDe4E0hIPO5TMbWL00s]
2020-11-30 13:23:49   --> payment_intent.created [evt_1HtCM3De4E0hIPO5fFyf3Kfx]
2020-11-30 13:23:49  <--  [200] POST http://localhost:8080/api/payments/webhook [evt_1HtCM3De4E0hIPO5fFyf3Kfx]
2020-11-30 13:23:53   --> payment_intent.created [evt_1HtCM9De4E0hIPO5ZAv0saVH]
2020-11-30 13:23:53  <--  [200] POST http://localhost:8080/api/payments/webhook [evt_1HtCM9De4E0hIPO5ZAv0saVH]
2020-11-30 13:24:00   --> payment_intent.created [evt_1HtCMGDe4E0hIPO5BqBaqAKN]
2020-11-30 13:24:00  <--  [200] POST http://localhost:8080/api/payments/webhook [evt_1HtCMGDe4E0hIPO5BqBaqAKN]
2020-11-30 13:24:13   --> payment_intent.created [evt_1HtCMTDe4E0hIPO5OWgJVWjE]
2020-11-30 13:24:13  <--  [200] POST http://localhost:8080/api/payments/webhook [evt_1HtCMTDe4E0hIPO5OWgJVWjE]
2020-11-30 13:24:34   --> payment_intent.created [evt_1HtCMnDe4E0hIPO5FKhyMfEO]
2020-11-30 13:24:34  <--  [200] POST http://localhost:8080/api/payments/webhook [evt_1HtCMnDe4E0hIPO5FKhyMfEO]
2020-11-30 13:25:21   --> payment_intent.created [evt_1HtCNZDe4E0hIPO5z1FXlrMK]
2020-11-30 13:25:21  <--  [200] POST http://localhost:8080/api/payments/webhook [evt_1HtCNZDe4E0hIPO5z1FXlrMK]
2020-11-30 13:25:52   --> payment_intent.created [evt_1HtCO4De4E0hIPO5UAFMnLOg]
2020-11-30 13:25:52  <--  [200] POST http://localhost:8080/api/payments/webhook [evt_1HtCO4De4E0hIPO5UAFMnLOg]
2020-11-30 13:26:07   --> payment_intent.created [evt_1HtCOJDe4E0hIPO5CJm82K91]
2020-11-30 13:26:07  <--  [200] POST http://localhost:8080/api/payments/webhook [evt_1HtCOJDe4E0hIPO5CJm82K91]
2020-11-30 13:29:50   --> payment_intent.created [evt_1HtCRuDe4E0hIPO5PgTCdvcD]
2020-11-30 13:29:50  <--  [200] POST http://localhost:8080/api/payments/webhook [evt_1HtCRuDe4E0hIPO5PgTCdvcD]
2020-11-30 13:30:48   --> payment_intent.created [evt_1HtCSqDe4E0hIPO5EjKheXEe]
2020-11-30 13:30:48  <--  [200] POST http://localhost:8080/api/payments/webhook [evt_1HtCSqDe4E0hIPO5EjKheXEe]
2020-11-30 13:31:26   --> payment_intent.created [evt_1HtCTRDe4E0hIPO5WrOzaRmo]
2020-11-30 13:31:26  <--  [200] POST http://localhost:8080/api/payments/webhook [evt_1HtCTRDe4E0hIPO5WrOzaRmo]
2020-11-30 13:31:56   --> payment_intent.created [evt_1HtCTwDe4E0hIPO5G69j0mjm]
2020-11-30 13:31:56  <--  [200] POST http://localhost:8080/api/payments/webhook [evt_1HtCTwDe4E0hIPO5G69j0mjm]
2020-11-30 13:32:38   --> payment_intent.created [evt_1HtCUcDe4E0hIPO5viRpyyPV]
2020-11-30 13:32:38  <--  [200] POST http://localhost:8080/api/payments/webhook [evt_1HtCUcDe4E0hIPO5viRpyyPV]
2020-11-30 13:32:48   --> payment_intent.created [evt_1HtCUmDe4E0hIPO52Iv152lr]
2020-11-30 13:32:48  <--  [200] POST http://localhost:8080/api/payments/webhook [evt_1HtCUmDe4E0hIPO52Iv152lr]
2020-11-30 13:33:15   --> payment_intent.created [evt_1HtCVDDe4E0hIPO5TP8CALQi]
2020-11-30 13:33:15  <--  [200] POST http://localhost:8080/api/payments/webhook [evt_1HtCVDDe4E0hIPO5TP8CALQi]
2020-11-30 13:33:26   --> payment_intent.created [evt_1HtCVNDe4E0hIPO5a4qB0F9L]
2020-11-30 13:33:26  <--  [200] POST http://localhost:8080/api/payments/webhook [evt_1HtCVNDe4E0hIPO5a4qB0F9L]
2020-11-30 13:33:28   --> payment_intent.created [evt_1HtCVQDe4E0hIPO5DGVWvH7x]
2020-11-30 13:33:28  <--  [200] POST http://localhost:8080/api/payments/webhook [evt_1HtCVQDe4E0hIPO5DGVWvH7x]
2020-11-30 13:33:42   --> payment_intent.created [evt_1HtCVdDe4E0hIPO5eGl5b5p0]
2020-11-30 13:33:42  <--  [200] POST http://localhost:8080/api/payments/webhook [evt_1HtCVdDe4E0hIPO5eGl5b5p0]
2020-11-30 13:33:44   --> payment_intent.created [evt_1HtCVgDe4E0hIPO5jDLjg8dS]
2020-11-30 13:33:44  <--  [200] POST http://localhost:8080/api/payments/webhook [evt_1HtCVgDe4E0hIPO5jDLjg8dS]
2020-11-30 13:33:55   --> payment_intent.created [evt_1HtCVrDe4E0hIPO5gZIl2SZe]
2020-11-30 13:33:55  <--  [200] POST http://localhost:8080/api/payments/webhook [evt_1HtCVrDe4E0hIPO5gZIl2SZe]
2020-11-30 13:34:14   --> payment_intent.created [evt_1HtCWADe4E0hIPO5RTbBk6Gt]
2020-11-30 13:34:14  <--  [200] POST http://localhost:8080/api/payments/webhook [evt_1HtCWADe4E0hIPO5RTbBk6Gt]
2020-11-30 13:34:34   --> payment_intent.created [evt_1HtCWTDe4E0hIPO5toXsdj1Q]
2020-11-30 13:34:34  <--  [200] POST http://localhost:8080/api/payments/webhook [evt_1HtCWTDe4E0hIPO5toXsdj1Q]
2020-11-30 13:34:51   --> payment_intent.created [evt_1HtCWlDe4E0hIPO5BTwECrx6]
2020-11-30 13:34:51  <--  [200] POST http://localhost:8080/api/payments/webhook [evt_1HtCWlDe4E0hIPO5BTwECrx6]
2020-11-30 13:35:43   --> payment_intent.created [evt_1HtCXaDe4E0hIPO5H9TlxYi1]
2020-11-30 13:35:43  <--  [200] POST http://localhost:8080/api/payments/webhook [evt_1HtCXaDe4E0hIPO5H9TlxYi1]
2020-11-30 13:35:55   --> payment_intent.created [evt_1HtCXnDe4E0hIPO56tVJtKq2]
2020-11-30 13:35:55  <--  [200] POST http://localhost:8080/api/payments/webhook [evt_1HtCXnDe4E0hIPO56tVJtKq2]
2020-11-30 13:36:08   --> payment_intent.created [evt_1HtCXzDe4E0hIPO5P8meZrHZ]
2020-11-30 13:36:08  <--  [200] POST http://localhost:8080/api/payments/webhook [evt_1HtCXzDe4E0hIPO5P8meZrHZ]
2020-11-30 13:36:49   --> payment_intent.created [evt_1HtCYeDe4E0hIPO5yaotxRYq]
2020-11-30 13:36:49  <--  [200] POST http://localhost:8080/api/payments/webhook [evt_1HtCYeDe4E0hIPO5yaotxRYq]
2020-11-30 13:37:17   --> payment_intent.created [evt_1HtCZ6De4E0hIPO5VsqoTOmc]
2020-11-30 13:37:17  <--  [200] POST http://localhost:8080/api/payments/webhook [evt_1HtCZ6De4E0hIPO5VsqoTOmc]
2020-11-30 13:37:26   --> payment_intent.created [evt_1HtCZFDe4E0hIPO5ZWYVRGEC]
2020-11-30 13:37:26  <--  [200] POST http://localhost:8080/api/payments/webhook [evt_1HtCZFDe4E0hIPO5ZWYVRGEC]
2020-11-30 13:37:41   --> payment_intent.created [evt_1HtCZVDe4E0hIPO5o77l8FJP]
2020-11-30 13:37:41  <--  [200] POST http://localhost:8080/api/payments/webhook [evt_1HtCZVDe4E0hIPO5o77l8FJP]
2020-11-30 13:40:03   --> payment_intent.created [evt_1HtCbmDe4E0hIPO5IJnaGD86]
2020-11-30 13:40:03  <--  [200] POST http://localhost:8080/api/payments/webhook [evt_1HtCbmDe4E0hIPO5IJnaGD86]
2020-11-30 13:40:07   --> payment_intent.created [evt_1HtCbrDe4E0hIPO5PTtYBUz5]
2020-11-30 13:40:07  <--  [200] POST http://localhost:8080/api/payments/webhook [evt_1HtCbrDe4E0hIPO5PTtYBUz5]
2020-11-30 13:40:23   --> payment_intent.created [evt_1HtCc6De4E0hIPO5Di3PMKai]
2020-11-30 13:40:23  <--  [200] POST http://localhost:8080/api/payments/webhook [evt_1HtCc6De4E0hIPO5Di3PMKai]
2020-11-30 13:41:01   --> payment_intent.created [evt_1HtCciDe4E0hIPO5jwn2QgwD]
2020-11-30 13:41:01  <--  [200] POST http://localhost:8080/api/payments/webhook [evt_1HtCciDe4E0hIPO5jwn2QgwD]
2020-11-30 13:41:05   --> payment_intent.created [evt_1HtCcnDe4E0hIPO5ndObpn6V]
2020-11-30 13:41:05  <--  [200] POST http://localhost:8080/api/payments/webhook [evt_1HtCcnDe4E0hIPO5ndObpn6V]
2020-11-30 13:41:08   --> payment_intent.created [evt_1HtCcqDe4E0hIPO5QB5lBMyd]
2020-11-30 13:41:08  <--  [200] POST http://localhost:8080/api/payments/webhook [evt_1HtCcqDe4E0hIPO5QB5lBMyd]
2020-11-30 13:41:13   --> payment_intent.created [evt_1HtCcuDe4E0hIPO5wbWbMJll]
2020-11-30 13:41:13  <--  [200] POST http://localhost:8080/api/payments/webhook [evt_1HtCcuDe4E0hIPO5wbWbMJll]
2020-11-30 13:41:36   --> payment_intent.created [evt_1HtCdIDe4E0hIPO5X1OQVJTR]
2020-11-30 13:41:36  <--  [200] POST http://localhost:8080/api/payments/webhook [evt_1HtCdIDe4E0hIPO5X1OQVJTR]
2020-11-30 13:41:42   --> payment_intent.created [evt_1HtCdODe4E0hIPO5kLhfzD2s]
2020-11-30 13:41:42  <--  [200] POST http://localhost:8080/api/payments/webhook [evt_1HtCdODe4E0hIPO5kLhfzD2s]
2020-11-30 13:41:50   --> payment_intent.created [evt_1HtCdWDe4E0hIPO5KEfcVF6m]
2020-11-30 13:41:50  <--  [200] POST http://localhost:8080/api/payments/webhook [evt_1HtCdWDe4E0hIPO5KEfcVF6m]
2020-11-30 13:42:29   --> payment_intent.created [evt_1HtCe9De4E0hIPO5I7zA0Btj]
2020-11-30 13:42:29  <--  [200] POST http://localhost:8080/api/payments/webhook [evt_1HtCe9De4E0hIPO5I7zA0Btj]
2020-11-30 13:42:40   --> payment_intent.created [evt_1HtCeJDe4E0hIPO5CR4YW3ap]
2020-11-30 13:42:40  <--  [200] POST http://localhost:8080/api/payments/webhook [evt_1HtCeJDe4E0hIPO5CR4YW3ap]
2020-11-30 13:42:42   --> payment_intent.created [evt_1HtCeMDe4E0hIPO5V6FJBeBP]
2020-11-30 13:42:42  <--  [200] POST http://localhost:8080/api/payments/webhook [evt_1HtCeMDe4E0hIPO5V6FJBeBP]
2020-11-30 13:43:19   --> payment_intent.created [evt_1HtCewDe4E0hIPO5hhA2yMnF]
2020-11-30 13:43:19  <--  [200] POST http://localhost:8080/api/payments/webhook [evt_1HtCewDe4E0hIPO5hhA2yMnF]
2020-11-30 13:44:46   --> payment_intent.created [evt_1HtCgLDe4E0hIPO5JwUd0FGf]
2020-11-30 13:44:46  <--  [200] POST http://localhost:8080/api/payments/webhook [evt_1HtCgLDe4E0hIPO5JwUd0FGf]
2020-11-30 13:45:18   --> payment_intent.created [evt_1HtCgsDe4E0hIPO5F4tCaMEl]
2020-11-30 13:45:18  <--  [200] POST http://localhost:8080/api/payments/webhook [evt_1HtCgsDe4E0hIPO5F4tCaMEl]
2020-11-30 13:46:34   --> payment_intent.succeeded [evt_1HtCi5De4E0hIPO50WyMtRHE]
2020-11-30 13:46:34  <--  [200] POST http://localhost:8080/api/payments/webhook [evt_1HtCi5De4E0hIPO50WyMtRHE]
2020-11-30 13:46:34   --> charge.succeeded [evt_1HtCi5De4E0hIPO5Xfhm5jlo]
2020-11-30 13:46:34  <--  [200] POST http://localhost:8080/api/payments/webhook [evt_1HtCi5De4E0hIPO5Xfhm5jlo]
2020-11-30 14:05:04   --> payment_intent.created [evt_1HtCzzDe4E0hIPO5o0c19JrZ]
2020-11-30 14:05:04  <--  [200] POST http://localhost:8080/api/payments/webhook [evt_1HtCzzDe4E0hIPO5o0c19JrZ]
2020-11-30 14:05:09   --> payment_intent.created [evt_1HtD04De4E0hIPO5qGWMzzdX]
2020-11-30 14:05:09  <--  [200] POST http://localhost:8080/api/payments/webhook [evt_1HtD04De4E0hIPO5qGWMzzdX]
2020-11-30 14:06:21   --> payment_intent.created [evt_1HtD1EDe4E0hIPO5VAhfRLyN]
2020-11-30 14:06:21  <--  [200] POST http://localhost:8080/api/payments/webhook [evt_1HtD1EDe4E0hIPO5VAhfRLyN]
2020-11-30 14:06:23   --> payment_intent.created [evt_1HtD1HDe4E0hIPO5G3QbOND3]
2020-11-30 14:06:23  <--  [200] POST http://localhost:8080/api/payments/webhook [evt_1HtD1HDe4E0hIPO5G3QbOND3]
2020-11-30 14:06:28   --> payment_intent.created [evt_1HtD1MDe4E0hIPO5vEezUFOF]
2020-11-30 14:06:28  <--  [200] POST http://localhost:8080/api/payments/webhook [evt_1HtD1MDe4E0hIPO5vEezUFOF]
2020-11-30 14:06:42   --> payment_intent.created [evt_1HtD1aDe4E0hIPO5WtKS5wD1]
2020-11-30 14:06:42  <--  [200] POST http://localhost:8080/api/payments/webhook [evt_1HtD1aDe4E0hIPO5WtKS5wD1]
2020-11-30 14:07:13   --> payment_intent.created [evt_1HtD20De4E0hIPO5C0heNeyo]
2020-11-30 14:07:13  <--  [200] POST http://localhost:8080/api/payments/webhook [evt_1HtD20De4E0hIPO5C0heNeyo]
2020-11-30 14:07:46   --> payment_intent.created [evt_1HtD2cDe4E0hIPO5aI2Qe4CJ]
2020-11-30 14:07:46  <--  [200] POST http://localhost:8080/api/payments/webhook [evt_1HtD2cDe4E0hIPO5aI2Qe4CJ]
2020-11-30 14:09:52   --> payment_intent.created [evt_1HtD4dDe4E0hIPO5OPcvW7Ex]
2020-11-30 14:09:52  <--  [200] POST http://localhost:8080/api/payments/webhook [evt_1HtD4dDe4E0hIPO5OPcvW7Ex]
2020-11-30 14:11:31   --> payment_intent.created [evt_1HtD6FDe4E0hIPO52a99ZpXt]
2020-11-30 14:11:31  <--  [200] POST http://localhost:8080/api/payments/webhook [evt_1HtD6FDe4E0hIPO52a99ZpXt]
2020-11-30 14:14:11   --> payment_intent.created [evt_1HtD8pDe4E0hIPO5jqJ4q5Um]
2020-11-30 14:14:11  <--  [200] POST http://localhost:8080/api/payments/webhook [evt_1HtD8pDe4E0hIPO5jqJ4q5Um]
2020-11-30 14:14:29   --> payment_intent.created [evt_1HtD97De4E0hIPO5FzO8yysm]
2020-11-30 14:14:29  <--  [200] POST http://localhost:8080/api/payments/webhook [evt_1HtD97De4E0hIPO5FzO8yysm]
2020-11-30 14:14:34   --> payment_intent.created [evt_1HtD9CDe4E0hIPO5k23cMCzu]
2020-11-30 14:14:34  <--  [200] POST http://localhost:8080/api/payments/webhook [evt_1HtD9CDe4E0hIPO5k23cMCzu]
2020-11-30 14:17:47   --> payment_intent.created [evt_1HtDCJDe4E0hIPO5WO1RsINX]
2020-11-30 14:17:47  <--  [200] POST http://localhost:8080/api/payments/webhook [evt_1HtDCJDe4E0hIPO5WO1RsINX]
2020-11-30 15:13:30   --> payment_intent.created [evt_1HtE4EDe4E0hIPO5SsdADcO7]
2020-11-30 15:13:30  <--  [200] POST http://localhost:8080/api/payments/webhook [evt_1HtE4EDe4E0hIPO5SsdADcO7]
2020-11-30 15:13:43   --> payment_intent.succeeded [evt_1HtE4RDe4E0hIPO5Vax6GHAr]
2020-11-30 15:13:44  <--  [200] POST http://localhost:8080/api/payments/webhook [evt_1HtE4RDe4E0hIPO5Vax6GHAr]
2020-11-30 15:13:44   --> charge.succeeded [evt_1HtE4RDe4E0hIPO5CIfJDgpm]
2020-11-30 15:13:44  <--  [200] POST http://localhost:8080/api/payments/webhook [evt_1HtE4RDe4E0hIPO5CIfJDgpm]
2020-11-30 15:15:52   --> payment_intent.created [evt_1HtE6VDe4E0hIPO5TD6PutSw]
2020-11-30 15:15:52  <--  [200] POST http://localhost:8080/api/payments/webhook [evt_1HtE6VDe4E0hIPO5TD6PutSw]
2020-11-30 15:16:02   --> payment_intent.created [evt_1HtE6gDe4E0hIPO5qaz8wLrr]
2020-11-30 15:16:02  <--  [200] POST http://localhost:8080/api/payments/webhook [evt_1HtE6gDe4E0hIPO5qaz8wLrr]
2020-11-30 15:16:13   --> payment_intent.succeeded [evt_1HtE6rDe4E0hIPO52ohBvi44]
2020-11-30 15:16:13  <--  [200] POST http://localhost:8080/api/payments/webhook [evt_1HtE6rDe4E0hIPO52ohBvi44]
2020-11-30 15:16:13   --> charge.succeeded [evt_1HtE6rDe4E0hIPO5nblHz1AE]
2020-11-30 15:16:13  <--  [200] POST http://localhost:8080/api/payments/webhook [evt_1HtE6rDe4E0hIPO5nblHz1AE]
2020-11-30 15:20:03   --> payment_intent.created [evt_1HtEAYDe4E0hIPO5DURaa3Zh]
2020-11-30 15:20:03  <--  [200] POST http://localhost:8080/api/payments/webhook [evt_1HtEAYDe4E0hIPO5DURaa3Zh]
2020-11-30 15:20:12   --> payment_intent.succeeded [evt_1HtEAhDe4E0hIPO5Ryyq2gOc]
2020-11-30 15:20:12  <--  [200] POST http://localhost:8080/api/payments/webhook [evt_1HtEAhDe4E0hIPO5Ryyq2gOc]
2020-11-30 15:20:12   --> charge.succeeded [evt_1HtEAhDe4E0hIPO5YTBde0sQ]
2020-11-30 15:20:12  <--  [200] POST http://localhost:8080/api/payments/webhook [evt_1HtEAhDe4E0hIPO5YTBde0sQ]
2020-11-30 15:22:13   --> payment_intent.created [evt_1HtECeDe4E0hIPO5gWaLu4WM]
2020-11-30 15:22:13  <--  [200] POST http://localhost:8080/api/payments/webhook [evt_1HtECeDe4E0hIPO5gWaLu4WM]
2020-11-30 15:22:16   --> payment_intent.created [evt_1HtECiDe4E0hIPO5ds05ZjlM]
2020-11-30 15:22:16  <--  [200] POST http://localhost:8080/api/payments/webhook [evt_1HtECiDe4E0hIPO5ds05ZjlM]
2020-11-30 15:22:19   --> payment_intent.created [evt_1HtECkDe4E0hIPO5spOjyzyk]
2020-11-30 15:22:19  <--  [200] POST http://localhost:8080/api/payments/webhook [evt_1HtECkDe4E0hIPO5spOjyzyk]
2020-11-30 15:22:20   --> payment_intent.created [evt_1HtECmDe4E0hIPO5zKfV60kE]
2020-11-30 15:22:20  <--  [200] POST http://localhost:8080/api/payments/webhook [evt_1HtECmDe4E0hIPO5zKfV60kE]
2020-11-30 15:22:21   --> payment_intent.created [evt_1HtECmDe4E0hIPO52F0ZhHlb]
2020-11-30 15:22:21  <--  [200] POST http://localhost:8080/api/payments/webhook [evt_1HtECmDe4E0hIPO52F0ZhHlb]
2020-11-30 15:22:32   --> payment_intent.succeeded [evt_1HtECxDe4E0hIPO5pViKzZxC]
2020-11-30 15:22:32  <--  [200] POST http://localhost:8080/api/payments/webhook [evt_1HtECxDe4E0hIPO5pViKzZxC]
2020-11-30 15:22:32   --> charge.succeeded [evt_1HtECxDe4E0hIPO5NTD4RF8A]
2020-11-30 15:22:32  <--  [200] POST http://localhost:8080/api/payments/webhook [evt_1HtECxDe4E0hIPO5NTD4RF8A]
2020-11-30 15:23:04   --> payment_intent.created [evt_1HtEDUDe4E0hIPO5GN7ycmBK]
2020-11-30 15:23:04  <--  [200] POST http://localhost:8080/api/payments/webhook [evt_1HtEDUDe4E0hIPO5GN7ycmBK]
2020-11-30 15:23:06   --> payment_intent.created [evt_1HtEDVDe4E0hIPO5OTUdZKkg]
2020-11-30 15:23:06  <--  [200] POST http://localhost:8080/api/payments/webhook [evt_1HtEDVDe4E0hIPO5OTUdZKkg]
2020-11-30 15:23:07   --> payment_intent.created [evt_1HtEDWDe4E0hIPO5y4n22FTg]
2020-11-30 15:23:07  <--  [200] POST http://localhost:8080/api/payments/webhook [evt_1HtEDWDe4E0hIPO5y4n22FTg]
2020-11-30 15:23:07   --> payment_intent.created [evt_1HtEDXDe4E0hIPO50affQXG0]
2020-11-30 15:23:07  <--  [200] POST http://localhost:8080/api/payments/webhook [evt_1HtEDXDe4E0hIPO50affQXG0]
2020-11-30 15:23:17   --> payment_intent.succeeded [evt_1HtEDhDe4E0hIPO57aNHdygS]
2020-11-30 15:23:17  <--  [200] POST http://localhost:8080/api/payments/webhook [evt_1HtEDhDe4E0hIPO57aNHdygS]
2020-11-30 15:23:17   --> charge.succeeded [evt_1HtEDhDe4E0hIPO5SlV6obT5]
2020-11-30 15:23:17  <--  [200] POST http://localhost:8080/api/payments/webhook [evt_1HtEDhDe4E0hIPO5SlV6obT5]
2020-11-30 15:23:46   --> payment_intent.created [evt_1HtEEADe4E0hIPO5WxSe9rEr]
2020-11-30 15:23:46  <--  [200] POST http://localhost:8080/api/payments/webhook [evt_1HtEEADe4E0hIPO5WxSe9rEr]
2020-11-30 15:23:53   --> charge.succeeded [evt_1HtEEHDe4E0hIPO5ISnjRmHE]
2020-11-30 15:23:53  <--  [200] POST http://localhost:8080/api/payments/webhook [evt_1HtEEHDe4E0hIPO5ISnjRmHE]
2020-11-30 15:23:53   --> payment_intent.succeeded [evt_1HtEEHDe4E0hIPO5W9Keer25]
2020-11-30 15:23:53  <--  [200] POST http://localhost:8080/api/payments/webhook [evt_1HtEEHDe4E0hIPO5W9Keer25]
2020-12-01 00:27:58   --> balance.available [evt_1HtMioDe4E0hIPO5m0g1XbMv]
2020-12-01 00:27:58  <--  [200] POST http://localhost:8080/api/payments/webhook [evt_1HtMioDe4E0hIPO5m0g1XbMv]
2020-12-01 14:29:29   --> payment_intent.created [evt_1HtZrBDe4E0hIPO5ukieqhfJ]
2020-12-01 14:29:29  <--  [200] POST http://localhost:8080/api/payments/webhook [evt_1HtZrBDe4E0hIPO5ukieqhfJ]
2020-12-01 14:29:41   --> payment_intent.succeeded [evt_1HtZrNDe4E0hIPO58NmpAKVJ]
2020-12-01 14:29:41  <--  [200] POST http://localhost:8080/api/payments/webhook [evt_1HtZrNDe4E0hIPO58NmpAKVJ]
2020-12-01 14:29:41   --> charge.succeeded [evt_1HtZrNDe4E0hIPO53q7wHvnB]
2020-12-01 14:29:41  <--  [200] POST http://localhost:8080/api/payments/webhook [evt_1HtZrNDe4E0hIPO53q7wHvnB]
2020-12-01 14:33:33   --> payment_intent.created [evt_1HtZv6De4E0hIPO5dvzC8UQD]
2020-12-01 14:33:33  <--  [200] POST http://localhost:8080/api/payments/webhook [evt_1HtZv6De4E0hIPO5dvzC8UQD]
2020-12-01 14:33:42   --> charge.succeeded [evt_1HtZvFDe4E0hIPO58mPEKVR9]
2020-12-01 14:33:42   --> payment_intent.succeeded [evt_1HtZvFDe4E0hIPO5AYK9zWYx]
2020-12-01 14:33:42  <--  [200] POST http://localhost:8080/api/payments/webhook [evt_1HtZvFDe4E0hIPO58mPEKVR9]
2020-12-01 14:33:42  <--  [200] POST http://localhost:8080/api/payments/webhook [evt_1HtZvFDe4E0hIPO5AYK9zWYx]
2020-12-02 00:25:46   --> balance.available [evt_1HtjAEDe4E0hIPO5NHfGkB91]
2020-12-02 00:25:46  <--  [200] POST http://localhost:8080/api/payments/webhook [evt_1HtjAEDe4E0hIPO5NHfGkB91]

time="Thu, 03 Dec 2020 14:15:36 UTC" level=fatal msg=Aborting
Checking for new versions...

A newer version of the Stripe CLI is available, please update to: v1.5.5
Getting ready...
Ready! Your webhook signing secret is whsec_Q9TgLG0reD3nk7WicRHETA8jpXqTpY7z (^C to quit)

time="Thu, 03 Dec 2020 14:18:01 UTC" level=fatal msg=Aborting
Checking for new versions...

A newer version of the Stripe CLI is available, please update to: v1.5.5
Getting ready...
Ready! Your webhook signing secret is whsec_Q9TgLG0reD3nk7WicRHETA8jpXqTpY7z (^C to quit)
2020-12-03 14:18:53   --> payment_intent.created [evt_1HuIe1De4E0hIPO5h6SkOYU5]
2020-12-03 14:18:53  <--  [200] POST http://localhost:8080/api/payments/webhook [evt_1HuIe1De4E0hIPO5h6SkOYU5]
2020-12-03 14:19:02   --> payment_intent.succeeded [evt_1HuIe9De4E0hIPO5wQSvZ4TR]
2020-12-03 14:19:02  <--  [200] POST http://localhost:8080/api/payments/webhook [evt_1HuIe9De4E0hIPO5wQSvZ4TR]
2020-12-03 14:19:02   --> charge.succeeded [evt_1HuIe9De4E0hIPO5TMdSXGpT]
2020-12-03 14:19:02  <--  [200] POST http://localhost:8080/api/payments/webhook [evt_1HuIe9De4E0hIPO5TMdSXGpT]
2020-12-03 14:19:38   --> payment_intent.created [evt_1HuIekDe4E0hIPO52UzfBKEZ]
2020-12-03 14:19:38  <--  [200] POST http://localhost:8080/api/payments/webhook [evt_1HuIekDe4E0hIPO52UzfBKEZ]
2020-12-03 14:19:48   --> payment_intent.succeeded [evt_1HuIetDe4E0hIPO5QeYtkVL8]
2020-12-03 14:19:48  <--  [500] POST http://localhost:8080/api/payments/webhook [evt_1HuIetDe4E0hIPO5QeYtkVL8]
2020-12-03 14:19:48   --> charge.succeeded [evt_1HuIetDe4E0hIPO5zorRacEn]
2020-12-03 14:19:48  <--  [200] POST http://localhost:8080/api/payments/webhook [evt_1HuIetDe4E0hIPO5zorRacEn]
2020-12-03 14:35:42   --> payment_intent.created [evt_1HuIuHDe4E0hIPO5AOZpt73s]
2020-12-03 14:35:42  <--  [200] POST http://localhost:8080/api/payments/webhook [evt_1HuIuHDe4E0hIPO5AOZpt73s]
2020-12-03 14:35:53   --> payment_intent.succeeded [evt_1HuIuTDe4E0hIPO5MQc2pNKU]
2020-12-03 14:35:53   --> charge.succeeded [evt_1HuIuTDe4E0hIPO5UXFH2Epl]
2020-12-03 14:35:53  <--  [200] POST http://localhost:8080/api/payments/webhook [evt_1HuIuTDe4E0hIPO5UXFH2Epl]
2020-12-03 14:35:53  <--  [200] POST http://localhost:8080/api/payments/webhook [evt_1HuIuTDe4E0hIPO5MQc2pNKU]
2020-12-03 14:38:58   --> payment_intent.created [evt_1HuIxRDe4E0hIPO5uykl7U8U]
2020-12-03 14:38:58  <--  [200] POST http://localhost:8080/api/payments/webhook [evt_1HuIxRDe4E0hIPO5uykl7U8U]
2020-12-03 14:39:05   --> charge.succeeded [evt_1HuIxYDe4E0hIPO5Af8mWK5E]
2020-12-03 14:39:05  <--  [200] POST http://localhost:8080/api/payments/webhook [evt_1HuIxYDe4E0hIPO5Af8mWK5E]
2020-12-03 14:39:05   --> payment_intent.succeeded [evt_1HuIxYDe4E0hIPO5oF0LYJsB]
2020-12-03 14:39:05  <--  [200] POST http://localhost:8080/api/payments/webhook [evt_1HuIxYDe4E0hIPO5oF0LYJsB]
2020-12-03 14:55:46   --> payment_intent.created [evt_1HuJDhDe4E0hIPO5icnKXHKy]
2020-12-03 14:55:46  <--  [200] POST http://localhost:8080/api/payments/webhook [evt_1HuJDhDe4E0hIPO5icnKXHKy]
2020-12-03 14:55:53   --> payment_intent.succeeded [evt_1HuJDoDe4E0hIPO5gFmFY2jA]
2020-12-03 14:55:53  <--  [200] POST http://localhost:8080/api/payments/webhook [evt_1HuJDoDe4E0hIPO5gFmFY2jA]
2020-12-03 14:55:53   --> charge.succeeded [evt_1HuJDpDe4E0hIPO5f0RHHU32]
2020-12-03 14:55:53  <--  [200] POST http://localhost:8080/api/payments/webhook [evt_1HuJDpDe4E0hIPO5f0RHHU32]
2020-12-03 15:01:47   --> payment_intent.created [evt_1HuJJWDe4E0hIPO5HWhW90U9]
2020-12-03 15:01:47  <--  [200] POST http://localhost:8080/api/payments/webhook [evt_1HuJJWDe4E0hIPO5HWhW90U9]
2020-12-03 15:40:39   --> payment_intent.created [evt_1HuJv9De4E0hIPO5yrVtXMbp]
2020-12-03 15:40:39  <--  [200] POST http://localhost:8080/api/payments/webhook [evt_1HuJv9De4E0hIPO5yrVtXMbp]
2020-12-03 15:41:44   --> payment_intent.succeeded [evt_1HuJwCDe4E0hIPO5mEMW8Tn0]
2020-12-03 15:41:44   --> charge.succeeded [evt_1HuJwCDe4E0hIPO578AhljWm]
2020-12-03 15:41:44  <--  [200] POST http://localhost:8080/api/payments/webhook [evt_1HuJwCDe4E0hIPO578AhljWm]
2020-12-03 15:41:45  <--  [200] POST http://localhost:8080/api/payments/webhook [evt_1HuJwCDe4E0hIPO5mEMW8Tn0]
2020-12-04 00:27:14   --> balance.available [evt_1HuS8jDe4E0hIPO5FfIpUA4O]
2020-12-04 00:27:14  <--  [200] POST http://localhost:8080/api/payments/webhook [evt_1HuS8jDe4E0hIPO5FfIpUA4O]
2020-12-04 13:46:33   --> payment_intent.created [evt_1HuecHDe4E0hIPO5wRYW7jSe]
2020-12-04 13:46:33  <--  [200] POST http://localhost:8080/api/payments/webhook [evt_1HuecHDe4E0hIPO5wRYW7jSe]
2020-12-04 13:47:12   --> payment_intent.created [evt_1HuectDe4E0hIPO5W3mzpymg]
2020-12-04 13:47:12  <--  [200] POST http://localhost:8080/api/payments/webhook [evt_1HuectDe4E0hIPO5W3mzpymg]
2020-12-04 13:47:51   --> payment_intent.created [evt_1HuedWDe4E0hIPO5XSlwzUfw]
2020-12-04 13:47:51  <--  [200] POST http://localhost:8080/api/payments/webhook [evt_1HuedWDe4E0hIPO5XSlwzUfw]
2020-12-04 13:50:40   --> payment_intent.created [evt_1HuegFDe4E0hIPO5vdgyijnI]
2020-12-04 13:50:40  <--  [200] POST http://localhost:8080/api/payments/webhook [evt_1HuegFDe4E0hIPO5vdgyijnI]
2020-12-04 13:51:09   --> payment_intent.created [evt_1HuegiDe4E0hIPO5N5P4FUH8]
2020-12-04 13:51:09  <--  [200] POST http://localhost:8080/api/payments/webhook [evt_1HuegiDe4E0hIPO5N5P4FUH8]
2020-12-04 13:51:38   --> payment_intent.created [evt_1HuehBDe4E0hIPO5CKPEu970]
2020-12-04 13:51:38  <--  [200] POST http://localhost:8080/api/payments/webhook [evt_1HuehBDe4E0hIPO5CKPEu970]
2020-12-04 13:51:43   --> payment_intent.created [evt_1HuehGDe4E0hIPO5pTpJBORZ]
2020-12-04 13:51:43  <--  [200] POST http://localhost:8080/api/payments/webhook [evt_1HuehGDe4E0hIPO5pTpJBORZ]
2020-12-04 13:51:44   --> payment_intent.created [evt_1HuehHDe4E0hIPO5ed0AprWw]
2020-12-04 13:51:44  <--  [200] POST http://localhost:8080/api/payments/webhook [evt_1HuehHDe4E0hIPO5ed0AprWw]
2020-12-04 13:52:02   --> payment_intent.created [evt_1HuehZDe4E0hIPO5fNMpnQrX]
2020-12-04 13:52:02  <--  [200] POST http://localhost:8080/api/payments/webhook [evt_1HuehZDe4E0hIPO5fNMpnQrX]
2020-12-04 13:52:20   --> payment_intent.created [evt_1HuehsDe4E0hIPO5qUIIRF1J]
2020-12-04 13:52:20  <--  [200] POST http://localhost:8080/api/payments/webhook [evt_1HuehsDe4E0hIPO5qUIIRF1J]
2020-12-04 13:52:36   --> payment_intent.created [evt_1Huei8De4E0hIPO5I82q4Y0g]
2020-12-04 13:52:36  <--  [200] POST http://localhost:8080/api/payments/webhook [evt_1Huei8De4E0hIPO5I82q4Y0g]
2020-12-04 13:53:01   --> payment_intent.created [evt_1HueiXDe4E0hIPO5eSBxCb5p]
2020-12-04 13:53:01  <--  [200] POST http://localhost:8080/api/payments/webhook [evt_1HueiXDe4E0hIPO5eSBxCb5p]
2020-12-04 13:53:19   --> payment_intent.created [evt_1HueinDe4E0hIPO5DRMYssB5]
2020-12-04 13:53:19  <--  [200] POST http://localhost:8080/api/payments/webhook [evt_1HueinDe4E0hIPO5DRMYssB5]
2020-12-04 13:53:20   --> payment_intent.created [evt_1HueioDe4E0hIPO59K9JHQ1w]
2020-12-04 13:53:20  <--  [200] POST http://localhost:8080/api/payments/webhook [evt_1HueioDe4E0hIPO59K9JHQ1w]
2020-12-04 13:53:20   --> payment_intent.created [evt_1HueiqDe4E0hIPO57kCl0voa]
2020-12-04 13:53:20  <--  [200] POST http://localhost:8080/api/payments/webhook [evt_1HueiqDe4E0hIPO57kCl0voa]
2020-12-04 13:53:27   --> payment_intent.created [evt_1HueiwDe4E0hIPO5rkTCeuAT]
2020-12-04 13:53:27  <--  [200] POST http://localhost:8080/api/payments/webhook [evt_1HueiwDe4E0hIPO5rkTCeuAT]
2020-12-04 13:53:28   --> payment_intent.created [evt_1HueixDe4E0hIPO5rOk2r6j3]
2020-12-04 13:53:28  <--  [200] POST http://localhost:8080/api/payments/webhook [evt_1HueixDe4E0hIPO5rOk2r6j3]
2020-12-04 14:38:03   --> payment_intent.created [evt_1HufQ7De4E0hIPO56g8Lr1vL]
2020-12-04 14:38:03  <--  [200] POST http://localhost:8080/api/payments/webhook [evt_1HufQ7De4E0hIPO56g8Lr1vL]
2020-12-04 14:38:13   --> payment_intent.created [evt_1HufQHDe4E0hIPO54OjOq4ES]
2020-12-04 14:38:13  <--  [200] POST http://localhost:8080/api/payments/webhook [evt_1HufQHDe4E0hIPO54OjOq4ES]
2020-12-04 14:41:30   --> payment_intent.created [evt_1HufTRDe4E0hIPO5xU5UUqND]
2020-12-04 14:41:30  <--  [200] POST http://localhost:8080/api/payments/webhook [evt_1HufTRDe4E0hIPO5xU5UUqND]
2020-12-05 00:06:55   --> balance.available [evt_1HuoIaDe4E0hIPO5cjAHYY0K]
2020-12-05 00:06:55  <--  [200] POST http://localhost:8080/api/payments/webhook [evt_1HuoIaDe4E0hIPO5cjAHYY0K]
2020-12-05 17:22:28   --> payment_intent.created [evt_1Hv4SlDe4E0hIPO5GMdhmNiM]
2020-12-05 17:22:28  <--  [200] POST http://localhost:8080/api/payments/webhook [evt_1Hv4SlDe4E0hIPO5GMdhmNiM]
2020-12-05 17:22:41   --> payment_intent.created [evt_1Hv4SzDe4E0hIPO5YPaHIHS6]
2020-12-05 17:22:41  <--  [200] POST http://localhost:8080/api/payments/webhook [evt_1Hv4SzDe4E0hIPO5YPaHIHS6]
2020-12-05 17:22:42   --> payment_intent.created [evt_1Hv4T0De4E0hIPO5pN2Z4Tg2]
2020-12-05 17:22:42  <--  [200] POST http://localhost:8080/api/payments/webhook [evt_1Hv4T0De4E0hIPO5pN2Z4Tg2]
2020-12-05 17:22:46   --> payment_intent.created [evt_1Hv4T3De4E0hIPO56VOTqSIm]
2020-12-05 17:22:46  <--  [200] POST http://localhost:8080/api/payments/webhook [evt_1Hv4T3De4E0hIPO56VOTqSIm]
2020-12-05 17:22:46   --> payment_intent.created [evt_1Hv4T4De4E0hIPO57K1iAtmy]
2020-12-05 17:22:46  <--  [200] POST http://localhost:8080/api/payments/webhook [evt_1Hv4T4De4E0hIPO57K1iAtmy]
2020-12-05 18:09:18   --> payment_intent.created [evt_1Hv5C5De4E0hIPO5b5zwfNEP]
2020-12-05 18:09:18  <--  [200] POST http://localhost:8080/api/payments/webhook [evt_1Hv5C5De4E0hIPO5b5zwfNEP]
2020-12-05 18:11:15   --> payment_intent.created [evt_1Hv5DzDe4E0hIPO5xGCNiGC1]
2020-12-05 18:11:15  <--  [200] POST http://localhost:8080/api/payments/webhook [evt_1Hv5DzDe4E0hIPO5xGCNiGC1]
2020-12-05 18:12:45   --> payment_intent.created [evt_1Hv5FQDe4E0hIPO57nC5iRct]
2020-12-05 18:12:45  <--  [200] POST http://localhost:8080/api/payments/webhook [evt_1Hv5FQDe4E0hIPO57nC5iRct]
2020-12-05 18:12:51   --> payment_intent.created [evt_1Hv5FXDe4E0hIPO55dplZgQO]
2020-12-05 18:12:51  <--  [200] POST http://localhost:8080/api/payments/webhook [evt_1Hv5FXDe4E0hIPO55dplZgQO]
2020-12-05 18:13:06   --> payment_intent.created [evt_1Hv5FmDe4E0hIPO5dBE77wOi]
2020-12-05 18:13:06  <--  [200] POST http://localhost:8080/api/payments/webhook [evt_1Hv5FmDe4E0hIPO5dBE77wOi]
2020-12-06 14:44:10   --> payment_intent.created [evt_1HvOT8De4E0hIPO5OwbJgzD0]
2020-12-06 14:44:10  <--  [200] POST http://localhost:8080/api/payments/webhook [evt_1HvOT8De4E0hIPO5OwbJgzD0]
2020-12-06 14:45:56   --> payment_intent.created [evt_1HvOUqDe4E0hIPO59sZ7ddlG]
2020-12-06 14:45:56  <--  [200] POST http://localhost:8080/api/payments/webhook [evt_1HvOUqDe4E0hIPO59sZ7ddlG]
2020-12-06 14:46:54   --> payment_intent.created [evt_1HvOVlDe4E0hIPO5Palp3VlP]
2020-12-06 14:46:54  <--  [200] POST http://localhost:8080/api/payments/webhook [evt_1HvOVlDe4E0hIPO5Palp3VlP]
2020-12-06 14:47:05   --> payment_intent.created [evt_1HvOVwDe4E0hIPO5ZAJuKGZB]
2020-12-06 14:47:05  <--  [200] POST http://localhost:8080/api/payments/webhook [evt_1HvOVwDe4E0hIPO5ZAJuKGZB]
2020-12-06 14:47:25   --> payment_intent.created [evt_1HvOWHDe4E0hIPO5VtZLs7DG]
2020-12-06 14:47:25  <--  [200] POST http://localhost:8080/api/payments/webhook [evt_1HvOWHDe4E0hIPO5VtZLs7DG]
2020-12-06 14:47:27   --> payment_intent.created [evt_1HvOWJDe4E0hIPO56cRXhLba]
2020-12-06 14:47:27  <--  [200] POST http://localhost:8080/api/payments/webhook [evt_1HvOWJDe4E0hIPO56cRXhLba]
2020-12-06 14:47:28   --> payment_intent.created [evt_1HvOWKDe4E0hIPO530BsDUwZ]
2020-12-06 14:47:28  <--  [200] POST http://localhost:8080/api/payments/webhook [evt_1HvOWKDe4E0hIPO530BsDUwZ]
2020-12-06 14:47:30   --> payment_intent.created [evt_1HvOWMDe4E0hIPO5humrXgw9]
2020-12-06 14:47:30  <--  [200] POST http://localhost:8080/api/payments/webhook [evt_1HvOWMDe4E0hIPO5humrXgw9]
2020-12-06 14:49:49   --> payment_intent.created [evt_1HvOYaDe4E0hIPO5wfq3PmlM]
2020-12-06 14:49:49  <--  [200] POST http://localhost:8080/api/payments/webhook [evt_1HvOYaDe4E0hIPO5wfq3PmlM]
2020-12-06 14:58:20   --> payment_intent.created [evt_1HvOgpDe4E0hIPO5mR0yOGVA]
2020-12-06 14:58:20  <--  [200] POST http://localhost:8080/api/payments/webhook [evt_1HvOgpDe4E0hIPO5mR0yOGVA]
2020-12-06 14:58:36   --> payment_intent.created [evt_1HvOh6De4E0hIPO5CsMxuFCI]
2020-12-06 14:58:36  <--  [200] POST http://localhost:8080/api/payments/webhook [evt_1HvOh6De4E0hIPO5CsMxuFCI]
2020-12-06 14:59:16   --> payment_intent.created [evt_1HvOhjDe4E0hIPO5zyB01Gz8]
2020-12-06 14:59:16  <--  [200] POST http://localhost:8080/api/payments/webhook [evt_1HvOhjDe4E0hIPO5zyB01Gz8]
2020-12-06 15:00:29   --> payment_intent.created [evt_1HvOivDe4E0hIPO5h9j74Kpf]
2020-12-06 15:00:29  <--  [200] POST http://localhost:8080/api/payments/webhook [evt_1HvOivDe4E0hIPO5h9j74Kpf]
2020-12-06 15:01:06   --> payment_intent.created [evt_1HvOjWDe4E0hIPO5Z3Z5d5nd]
2020-12-06 15:01:06  <--  [200] POST http://localhost:8080/api/payments/webhook [evt_1HvOjWDe4E0hIPO5Z3Z5d5nd]
2020-12-06 15:01:51   --> payment_intent.created [evt_1HvOkEDe4E0hIPO5CeL48BNW]
2020-12-06 15:01:51  <--  [200] POST http://localhost:8080/api/payments/webhook [evt_1HvOkEDe4E0hIPO5CeL48BNW]
2020-12-06 15:02:59   --> payment_intent.created [evt_1HvOlLDe4E0hIPO53qqBLyw3]
2020-12-06 15:02:59  <--  [200] POST http://localhost:8080/api/payments/webhook [evt_1HvOlLDe4E0hIPO53qqBLyw3]
2020-12-06 15:03:06   --> charge.succeeded [evt_1HvOlSDe4E0hIPO50vbHJBW9]
2020-12-06 15:03:06  <--  [200] POST http://localhost:8080/api/payments/webhook [evt_1HvOlSDe4E0hIPO50vbHJBW9]
2020-12-06 15:03:06   --> payment_intent.succeeded [evt_1HvOlSDe4E0hIPO5IPJFI81U]
2020-12-06 15:03:06  <--  [200] POST http://localhost:8080/api/payments/webhook [evt_1HvOlSDe4E0hIPO5IPJFI81U]
2020-12-06 15:04:45   --> payment_intent.created [evt_1HvOn3De4E0hIPO5kUrPHqXC]
2020-12-06 15:04:45  <--  [200] POST http://localhost:8080/api/payments/webhook [evt_1HvOn3De4E0hIPO5kUrPHqXC]
2020-12-06 15:05:37   --> payment_intent.created [evt_1HvOnsDe4E0hIPO5SPQArg6g]
2020-12-06 15:05:37  <--  [200] POST http://localhost:8080/api/payments/webhook [evt_1HvOnsDe4E0hIPO5SPQArg6g]
2020-12-06 15:09:26   --> payment_intent.created [evt_1HvOrXDe4E0hIPO5iDiisn84]
2020-12-06 15:09:26  <--  [200] POST http://localhost:8080/api/payments/webhook [evt_1HvOrXDe4E0hIPO5iDiisn84]
2020-12-06 15:10:29   --> payment_intent.created [evt_1HvOsbDe4E0hIPO5iOcfTOIc]
2020-12-06 15:10:29  <--  [200] POST http://localhost:8080/api/payments/webhook [evt_1HvOsbDe4E0hIPO5iOcfTOIc]
2020-12-06 15:10:39   --> payment_intent.created [evt_1HvOskDe4E0hIPO56mJ1oObo]
2020-12-06 15:10:39  <--  [200] POST http://localhost:8080/api/payments/webhook [evt_1HvOskDe4E0hIPO56mJ1oObo]
2020-12-06 15:11:18   --> payment_intent.created [evt_1HvOtNDe4E0hIPO57px9xyDE]
2020-12-06 15:11:18  <--  [200] POST http://localhost:8080/api/payments/webhook [evt_1HvOtNDe4E0hIPO57px9xyDE]
2020-12-06 15:13:24   --> payment_intent.created [evt_1HvOvPDe4E0hIPO53rfnl5A3]
2020-12-06 15:13:24  <--  [200] POST http://localhost:8080/api/payments/webhook [evt_1HvOvPDe4E0hIPO53rfnl5A3]
2020-12-06 16:25:08   --> payment_intent.created [evt_1HvQ2pDe4E0hIPO5cJRxidKK]
2020-12-06 16:25:08  <--  [200] POST http://localhost:8080/api/payments/webhook [evt_1HvQ2pDe4E0hIPO5cJRxidKK]
2020-12-06 16:34:05   --> payment_intent.created [evt_1HvQBVDe4E0hIPO5WK5A3qgu]
2020-12-06 16:34:05  <--  [200] POST http://localhost:8080/api/payments/webhook [evt_1HvQBVDe4E0hIPO5WK5A3qgu]
2020-12-06 16:36:27   --> payment_intent.created [evt_1HvQDnDe4E0hIPO58XqFvD0f]
2020-12-06 16:36:27  <--  [200] POST http://localhost:8080/api/payments/webhook [evt_1HvQDnDe4E0hIPO58XqFvD0f]
2020-12-06 16:36:57   --> payment_intent.created [evt_1HvQEGDe4E0hIPO5ceq65dRl]
2020-12-06 16:36:57  <--  [200] POST http://localhost:8080/api/payments/webhook [evt_1HvQEGDe4E0hIPO5ceq65dRl]
2020-12-06 16:38:01   --> payment_intent.created [evt_1HvQFIDe4E0hIPO5AGwdcRot]
2020-12-06 16:38:01  <--  [200] POST http://localhost:8080/api/payments/webhook [evt_1HvQFIDe4E0hIPO5AGwdcRot]
2020-12-06 16:38:42   --> payment_intent.created [evt_1HvQFyDe4E0hIPO5fOIvhyT7]
2020-12-06 16:38:42  <--  [200] POST http://localhost:8080/api/payments/webhook [evt_1HvQFyDe4E0hIPO5fOIvhyT7]
2020-12-06 16:41:15   --> payment_intent.created [evt_1HvQINDe4E0hIPO5vAzcadz0]
2020-12-06 16:41:15  <--  [200] POST http://localhost:8080/api/payments/webhook [evt_1HvQINDe4E0hIPO5vAzcadz0]
2020-12-06 16:41:22   --> payment_intent.succeeded [evt_1HvQIYDe4E0hIPO5VJYl3cdM]
2020-12-06 16:41:22  <--  [200] POST http://localhost:8080/api/payments/webhook [evt_1HvQIYDe4E0hIPO5VJYl3cdM]
2020-12-06 16:41:22   --> charge.succeeded [evt_1HvQIYDe4E0hIPO5ZneZYO8V]
2020-12-06 16:41:22  <--  [200] POST http://localhost:8080/api/payments/webhook [evt_1HvQIYDe4E0hIPO5ZneZYO8V]
2020-12-06 16:42:03   --> payment_intent.created [evt_1HvQJDDe4E0hIPO56M769Htb]
2020-12-06 16:42:03  <--  [200] POST http://localhost:8080/api/payments/webhook [evt_1HvQJDDe4E0hIPO56M769Htb]
2020-12-06 16:42:17   --> payment_intent.succeeded [evt_1HvQJQDe4E0hIPO5NEquXgt6]
2020-12-06 16:42:17  <--  [200] POST http://localhost:8080/api/payments/webhook [evt_1HvQJQDe4E0hIPO5NEquXgt6]
2020-12-06 16:42:17   --> charge.succeeded [evt_1HvQJQDe4E0hIPO5DCcx6wPl]
2020-12-06 16:42:17  <--  [200] POST http://localhost:8080/api/payments/webhook [evt_1HvQJQDe4E0hIPO5DCcx6wPl]
2020-12-06 16:42:45   --> payment_intent.created [evt_1HvQJsDe4E0hIPO5y8je4DJI]
2020-12-06 16:42:45  <--  [200] POST http://localhost:8080/api/payments/webhook [evt_1HvQJsDe4E0hIPO5y8je4DJI]
2020-12-06 16:43:56   --> payment_intent.created [evt_1HvQL1De4E0hIPO5Aficyc5M]
2020-12-06 16:43:56  <--  [200] POST http://localhost:8080/api/payments/webhook [evt_1HvQL1De4E0hIPO5Aficyc5M]
2020-12-06 16:45:49   --> payment_intent.created [evt_1HvQMrDe4E0hIPO5tsqBpSdX]
2020-12-06 16:45:49  <--  [200] POST http://localhost:8080/api/payments/webhook [evt_1HvQMrDe4E0hIPO5tsqBpSdX]
2020-12-06 16:47:03   --> payment_intent.created [evt_1HvQO3De4E0hIPO5S6M3YrCg]
2020-12-06 16:47:03  <--  [200] POST http://localhost:8080/api/payments/webhook [evt_1HvQO3De4E0hIPO5S6M3YrCg]
2020-12-06 16:47:29   --> payment_intent.created [evt_1HvQOTDe4E0hIPO5ghFWMY2U]
2020-12-06 16:47:29  <--  [200] POST http://localhost:8080/api/payments/webhook [evt_1HvQOTDe4E0hIPO5ghFWMY2U]
2020-12-06 16:47:31   --> payment_intent.succeeded [evt_1HvQOUDe4E0hIPO5VYOUBr7V]
2020-12-06 16:47:31  <--  [200] POST http://localhost:8080/api/payments/webhook [evt_1HvQOUDe4E0hIPO5VYOUBr7V]
2020-12-06 16:47:31   --> charge.succeeded [evt_1HvQOUDe4E0hIPO5Jq2v7R4r]
2020-12-06 16:47:31  <--  [200] POST http://localhost:8080/api/payments/webhook [evt_1HvQOUDe4E0hIPO5Jq2v7R4r]
2020-12-06 16:49:18   --> payment_intent.created [evt_1HvQQCDe4E0hIPO5hWWdBuL3]
2020-12-06 16:49:18  <--  [200] POST http://localhost:8080/api/payments/webhook [evt_1HvQQCDe4E0hIPO5hWWdBuL3]
2020-12-06 16:49:18   --> payment_intent.succeeded [evt_1HvQQEDe4E0hIPO5ot1MKLwr]
2020-12-06 16:49:18  <--  [200] POST http://localhost:8080/api/payments/webhook [evt_1HvQQEDe4E0hIPO5ot1MKLwr]
2020-12-06 16:49:19   --> charge.succeeded [evt_1HvQQEDe4E0hIPO5oEzJZa7T]
2020-12-06 16:49:19  <--  [200] POST http://localhost:8080/api/payments/webhook [evt_1HvQQEDe4E0hIPO5oEzJZa7T]
2020-12-06 16:51:38   --> payment_intent.created [evt_1HvQSUDe4E0hIPO5e2g9oKvL]
2020-12-06 16:51:38  <--  [200] POST http://localhost:8080/api/payments/webhook [evt_1HvQSUDe4E0hIPO5e2g9oKvL]
2020-12-06 16:51:40   --> payment_intent.succeeded [evt_1HvQSWDe4E0hIPO56I5Yic9y]
2020-12-06 16:51:40  <--  [200] POST http://localhost:8080/api/payments/webhook [evt_1HvQSWDe4E0hIPO56I5Yic9y]
2020-12-06 16:51:40   --> charge.succeeded [evt_1HvQSWDe4E0hIPO5tWyH5lzp]
2020-12-06 16:51:40  <--  [200] POST http://localhost:8080/api/payments/webhook [evt_1HvQSWDe4E0hIPO5tWyH5lzp]
2020-12-06 16:54:34   --> payment_intent.created [evt_1HvQVIDe4E0hIPO53kVB3Qz9]
2020-12-06 16:54:34  <--  [200] POST http://localhost:8080/api/payments/webhook [evt_1HvQVIDe4E0hIPO53kVB3Qz9]
2020-12-06 16:54:35   --> payment_intent.succeeded [evt_1HvQVKDe4E0hIPO5nhvU7Zyn]
2020-12-06 16:54:35   --> charge.succeeded [evt_1HvQVKDe4E0hIPO5iKtEh6eA]
2020-12-06 16:54:35  <--  [200] POST http://localhost:8080/api/payments/webhook [evt_1HvQVKDe4E0hIPO5iKtEh6eA]
2020-12-06 16:54:35  <--  [200] POST http://localhost:8080/api/payments/webhook [evt_1HvQVKDe4E0hIPO5nhvU7Zyn]
2020-12-06 17:20:36   --> payment_intent.created [evt_1HvQuVDe4E0hIPO5c5Ujoa1p]
2020-12-06 17:20:36  <--  [200] POST http://localhost:8080/api/payments/webhook [evt_1HvQuVDe4E0hIPO5c5Ujoa1p]
2020-12-06 17:20:37   --> payment_intent.succeeded [evt_1HvQuXDe4E0hIPO5LNLDjv6v]
2020-12-06 17:20:38  <--  [200] POST http://localhost:8080/api/payments/webhook [evt_1HvQuXDe4E0hIPO5LNLDjv6v]
2020-12-06 17:20:38   --> charge.succeeded [evt_1HvQuXDe4E0hIPO5AgRKUOK7]
2020-12-06 17:20:38  <--  [200] POST http://localhost:8080/api/payments/webhook [evt_1HvQuXDe4E0hIPO5AgRKUOK7]
2020-12-06 19:34:13   --> payment_intent.created [evt_1HvSzoDe4E0hIPO5Cv2oNTYf]
2020-12-06 19:34:13  <--  [200] POST http://localhost:8080/api/payments/webhook [evt_1HvSzoDe4E0hIPO5Cv2oNTYf]
2020-12-06 19:34:14   --> payment_intent.succeeded [evt_1HvSzqDe4E0hIPO51r60W8b1]
2020-12-06 19:34:14  <--  [200] POST http://localhost:8080/api/payments/webhook [evt_1HvSzqDe4E0hIPO51r60W8b1]
2020-12-06 19:34:14   --> charge.succeeded [evt_1HvSzqDe4E0hIPO5vAssqI2n]
2020-12-06 19:34:14  <--  [200] POST http://localhost:8080/api/payments/webhook [evt_1HvSzqDe4E0hIPO5vAssqI2n]
2020-12-07 00:25:13   --> balance.available [evt_1HvXXQDe4E0hIPO5kjG8wkM0]
2020-12-07 00:25:13  <--  [200] POST http://localhost:8080/api/payments/webhook [evt_1HvXXQDe4E0hIPO5kjG8wkM0]
2020-12-08 00:25:56   --> balance.available [evt_1Hvu1fDe4E0hIPO5RkaSnTmO]
2020-12-08 00:25:56  <--  [200] POST http://localhost:8080/api/payments/webhook [evt_1Hvu1fDe4E0hIPO5RkaSnTmO]
2020-12-09 12:18:51   --> payment_intent.created [evt_1HwRd8De4E0hIPO5wriNkTZo]
2020-12-09 12:18:51  <--  [200] POST http://localhost:8080/api/payments/webhook [evt_1HwRd8De4E0hIPO5wriNkTZo]
2020-12-09 12:18:52   --> payment_intent.succeeded [evt_1HwRdADe4E0hIPO5rKUrUxPv]
2020-12-09 12:18:52   --> charge.succeeded [evt_1HwRdADe4E0hIPO5pSZgFVV6]
2020-12-09 12:18:52  <--  [200] POST http://localhost:8080/api/payments/webhook [evt_1HwRdADe4E0hIPO5pSZgFVV6]
2020-12-09 12:18:52  <--  [200] POST http://localhost:8080/api/payments/webhook [evt_1HwRdADe4E0hIPO5rKUrUxPv]
2020-12-10 00:23:37   --> balance.available [evt_1HwcwXDe4E0hIPO5XQILoldc]
2020-12-10 00:23:37  <--  [200] POST http://localhost:8080/api/payments/webhook [evt_1HwcwXDe4E0hIPO5XQILoldc]
2020-12-13 00:07:06   --> balance.available [evt_1Hxi7CDe4E0hIPO5q3gnncL5]
2020-12-13 00:07:06  <--  [200] POST http://localhost:8080/api/payments/webhook [evt_1Hxi7CDe4E0hIPO5q3gnncL5]
2020-12-16 00:28:20   --> balance.available [evt_1HynsODe4E0hIPO5mKXKfegd]
2020-12-16 00:28:20  <--  [200] POST http://localhost:8080/api/payments/webhook [evt_1HynsODe4E0hIPO5mKXKfegd]
2020-12-29 13:04:54   --> payment_intent.created [evt_1I3hsfDe4E0hIPO5TOSqAwdm]
2020-12-29 13:04:54  <--  [200] POST http://localhost:8080/api/payments/webhook [evt_1I3hsfDe4E0hIPO5TOSqAwdm]
2020-12-29 13:04:56   --> payment_intent.succeeded [evt_1I3hsiDe4E0hIPO5FmvPfn4n]
2020-12-29 13:04:56  <--  [200] POST http://localhost:8080/api/payments/webhook [evt_1I3hsiDe4E0hIPO5FmvPfn4n]
2020-12-29 13:04:56   --> charge.succeeded [evt_1I3hsiDe4E0hIPO5MY000K4l]
2020-12-29 13:04:56  <--  [200] POST http://localhost:8080/api/payments/webhook [evt_1I3hsiDe4E0hIPO5MY000K4l]
2020-12-29 13:08:55   --> payment_intent.created [evt_1I3hwYDe4E0hIPO5MtBTGhFT]
2020-12-29 13:08:55  <--  [200] POST http://localhost:8080/api/payments/webhook [evt_1I3hwYDe4E0hIPO5MtBTGhFT]
2020-12-29 13:08:57   --> charge.succeeded [evt_1I3hwbDe4E0hIPO5MIbzuNoR]
2020-12-29 13:08:57  <--  [200] POST http://localhost:8080/api/payments/webhook [evt_1I3hwbDe4E0hIPO5MIbzuNoR]
2020-12-29 13:08:57   --> payment_intent.succeeded [evt_1I3hwbDe4E0hIPO5IZEUfY4w]
2020-12-29 13:08:57  <--  [200] POST http://localhost:8080/api/payments/webhook [evt_1I3hwbDe4E0hIPO5IZEUfY4w]
2021-01-05 00:27:37   --> balance.available [evt_1I63OfDe4E0hIPO5o7ZohjLx]
2021-01-05 00:27:37  <--  [200] POST http://localhost:8080/api/payments/webhook [evt_1I63OfDe4E0hIPO5o7ZohjLx]
2021-01-06 18:01:35   --> payment_intent.created [evt_1I6gKADe4E0hIPO5jOG9wCPL]
2021-01-06 18:01:35  <--  [200] POST http://localhost:8080/api/payments/webhook [evt_1I6gKADe4E0hIPO5jOG9wCPL]
2021-01-06 18:01:38   --> payment_intent.succeeded [evt_1I6gKDDe4E0hIPO5ToJWgsUO]
2021-01-06 18:01:38  <--  [200] POST http://localhost:8080/api/payments/webhook [evt_1I6gKDDe4E0hIPO5ToJWgsUO]
2021-01-06 18:01:38   --> charge.succeeded [evt_1I6gKDDe4E0hIPO5brIFSab6]
2021-01-06 18:01:38  <--  [200] POST http://localhost:8080/api/payments/webhook [evt_1I6gKDDe4E0hIPO5brIFSab6]
2021-01-07 14:23:07   --> payment_intent.created [evt_1I6zOJDe4E0hIPO5FuZynZid]
2021-01-07 14:23:07  <--  [200] POST http://localhost:8080/api/payments/webhook [evt_1I6zOJDe4E0hIPO5FuZynZid]
2021-01-07 14:23:09   --> payment_intent.succeeded [evt_1I6zOKDe4E0hIPO5DGvS9g5S]
2021-01-07 14:23:09  <--  [200] POST http://localhost:8080/api/payments/webhook [evt_1I6zOKDe4E0hIPO5DGvS9g5S]
2021-01-07 14:23:09   --> charge.succeeded [evt_1I6zOKDe4E0hIPO5Qan6YO3t]
2021-01-07 14:23:09  <--  [200] POST http://localhost:8080/api/payments/webhook [evt_1I6zOKDe4E0hIPO5Qan6YO3t]
2021-01-09 14:10:49   --> payment_intent.created [evt_1I7i9VDe4E0hIPO58VcNOfSm]
2021-01-09 14:10:49  <--  [200] POST http://localhost:8080/api/payments/webhook [evt_1I7i9VDe4E0hIPO58VcNOfSm]
2021-01-09 14:10:52   --> payment_intent.succeeded [evt_1I7i9XDe4E0hIPO5WZ1jE42z]
2021-01-09 14:10:52  <--  [200] POST http://localhost:8080/api/payments/webhook [evt_1I7i9XDe4E0hIPO5WZ1jE42z]
2021-01-09 14:10:52   --> charge.succeeded [evt_1I7i9XDe4E0hIPO5XR7seZbj]
2021-01-09 14:10:52  <--  [200] POST http://localhost:8080/api/payments/webhook [evt_1I7i9XDe4E0hIPO5XR7seZbj]
2021-01-09 14:16:55   --> payment_intent.created [evt_1I7iFPDe4E0hIPO5dQm4FOsz]
2021-01-09 14:16:55  <--  [200] POST http://localhost:8080/api/payments/webhook [evt_1I7iFPDe4E0hIPO5dQm4FOsz]
2021-01-09 14:16:57   --> payment_intent.succeeded [evt_1I7iFRDe4E0hIPO57kFTmePj]
2021-01-09 14:16:57  <--  [500] POST http://localhost:8080/api/payments/webhook [evt_1I7iFRDe4E0hIPO57kFTmePj]
2021-01-09 14:16:57   --> charge.succeeded [evt_1I7iFRDe4E0hIPO5i06de0ZF]
2021-01-09 14:16:57  <--  [200] POST http://localhost:8080/api/payments/webhook [evt_1I7iFRDe4E0hIPO5i06de0ZF]
2021-01-09 14:17:18   --> payment_intent.created [evt_1I7iFmDe4E0hIPO5UnyW3gP0]
2021-01-09 14:17:18  <--  [200] POST http://localhost:8080/api/payments/webhook [evt_1I7iFmDe4E0hIPO5UnyW3gP0]
2021-01-09 14:17:19   --> payment_intent.succeeded [evt_1I7iFnDe4E0hIPO5gbZ8ePDe]
2021-01-09 14:17:19  <--  [200] POST http://localhost:8080/api/payments/webhook [evt_1I7iFnDe4E0hIPO5gbZ8ePDe]
2021-01-09 14:17:20   --> charge.succeeded [evt_1I7iFnDe4E0hIPO5cIZCTCpt]
2021-01-09 14:17:20  <--  [200] POST http://localhost:8080/api/payments/webhook [evt_1I7iFnDe4E0hIPO5cIZCTCpt]
2021-01-09 14:20:40   --> payment_intent.created [evt_1I7iJ1De4E0hIPO5DpYHJJPP]
2021-01-09 14:20:40  <--  [200] POST http://localhost:8080/api/payments/webhook [evt_1I7iJ1De4E0hIPO5DpYHJJPP]
2021-01-09 14:20:42   --> payment_intent.succeeded [evt_1I7iJ3De4E0hIPO5iiloe68u]
2021-01-09 14:20:42  <--  [500] POST http://localhost:8080/api/payments/webhook [evt_1I7iJ3De4E0hIPO5iiloe68u]
2021-01-09 14:20:42   --> charge.succeeded [evt_1I7iJ4De4E0hIPO5arfATZX9]
2021-01-09 14:20:42  <--  [200] POST http://localhost:8080/api/payments/webhook [evt_1I7iJ4De4E0hIPO5arfATZX9]
2021-01-09 14:22:52   --> payment_intent.created [evt_1I7iL9De4E0hIPO5ZbJBrj73]
2021-01-09 14:22:52  <--  [200] POST http://localhost:8080/api/payments/webhook [evt_1I7iL9De4E0hIPO5ZbJBrj73]
2021-01-09 14:22:55   --> charge.succeeded [evt_1I7iLBDe4E0hIPO5EaMuAgnp]
2021-01-09 14:22:55  <--  [200] POST http://localhost:8080/api/payments/webhook [evt_1I7iLBDe4E0hIPO5EaMuAgnp]
2021-01-09 14:22:55   --> payment_intent.succeeded [evt_1I7iLBDe4E0hIPO58JarPZ3n]
2021-01-09 14:22:55  <--  [500] POST http://localhost:8080/api/payments/webhook [evt_1I7iLBDe4E0hIPO58JarPZ3n]
2021-01-09 14:23:22   --> payment_intent.created [evt_1I7iLdDe4E0hIPO56fUOZJO3]
2021-01-09 14:23:22  <--  [200] POST http://localhost:8080/api/payments/webhook [evt_1I7iLdDe4E0hIPO56fUOZJO3]
2021-01-09 14:23:23   --> payment_intent.succeeded [evt_1I7iLfDe4E0hIPO5u9klChnP]
2021-01-09 14:23:23  <--  [200] POST http://localhost:8080/api/payments/webhook [evt_1I7iLfDe4E0hIPO5u9klChnP]
2021-01-09 14:23:23   --> charge.succeeded [evt_1I7iLfDe4E0hIPO5ZhkNQaS6]
2021-01-09 14:23:23  <--  [200] POST http://localhost:8080/api/payments/webhook [evt_1I7iLfDe4E0hIPO5ZhkNQaS6]
2021-01-09 14:28:47   --> payment_intent.created [evt_1I7iQsDe4E0hIPO5rA0S99bl]
2021-01-09 14:28:47  <--  [200] POST http://localhost:8080/api/payments/webhook [evt_1I7iQsDe4E0hIPO5rA0S99bl]
2021-01-09 14:28:49   --> charge.succeeded [evt_1I7iQuDe4E0hIPO5SutEOpFd]
2021-01-09 14:28:49  <--  [200] POST http://localhost:8080/api/payments/webhook [evt_1I7iQuDe4E0hIPO5SutEOpFd]
2021-01-09 14:28:49   --> payment_intent.succeeded [evt_1I7iQuDe4E0hIPO5hhdcnI6r]
2021-01-09 14:28:49  <--  [500] POST http://localhost:8080/api/payments/webhook [evt_1I7iQuDe4E0hIPO5hhdcnI6r]
2021-01-09 14:31:30   --> payment_intent.created [evt_1I7iTVDe4E0hIPO5RewO29ly]
2021-01-09 14:31:30  <--  [200] POST http://localhost:8080/api/payments/webhook [evt_1I7iTVDe4E0hIPO5RewO29ly]
2021-01-09 14:31:32   --> payment_intent.succeeded [evt_1I7iTXDe4E0hIPO52FseSUWV]
2021-01-09 14:31:32  <--  [500] POST http://localhost:8080/api/payments/webhook [evt_1I7iTXDe4E0hIPO52FseSUWV]
2021-01-09 14:31:32   --> charge.succeeded [evt_1I7iTXDe4E0hIPO5SKAO6QII]
2021-01-09 14:31:32  <--  [200] POST http://localhost:8080/api/payments/webhook [evt_1I7iTXDe4E0hIPO5SKAO6QII]
2021-01-09 14:36:35   --> payment_intent.created [evt_1I7iYRDe4E0hIPO5JRE5Herb]
2021-01-09 14:36:35  <--  [200] POST http://localhost:8080/api/payments/webhook [evt_1I7iYRDe4E0hIPO5JRE5Herb]
2021-01-09 14:36:43   --> payment_intent.succeeded [evt_1I7iYUDe4E0hIPO5IjMdY25o]
2021-01-09 14:36:43  <--  [200] POST http://localhost:8080/api/payments/webhook [evt_1I7iYUDe4E0hIPO5IjMdY25o]
2021-01-09 14:36:43   --> charge.succeeded [evt_1I7iYUDe4E0hIPO5hhpIP2gW]
2021-01-09 14:36:43   --> payment_intent.created [evt_1I7iYUDe4E0hIPO5CWfbuwM4]
2021-01-09 14:36:43  <--  [200] POST http://localhost:8080/api/payments/webhook [evt_1I7iYUDe4E0hIPO5hhpIP2gW]
2021-01-09 14:36:43  <--  [200] POST http://localhost:8080/api/payments/webhook [evt_1I7iYUDe4E0hIPO5CWfbuwM4]
2021-01-09 14:36:43   --> charge.succeeded [evt_1I7iYWDe4E0hIPO58uXgTjU6]
2021-01-09 14:36:43  <--  [200] POST http://localhost:8080/api/payments/webhook [evt_1I7iYWDe4E0hIPO58uXgTjU6]
2021-01-09 14:36:43   --> payment_intent.succeeded [evt_1I7iYWDe4E0hIPO5xb97oTTQ]
2021-01-09 14:36:44  <--  [200] POST http://localhost:8080/api/payments/webhook [evt_1I7iYWDe4E0hIPO5xb97oTTQ]
2021-01-09 14:37:44   --> payment_intent.created [evt_1I7iZYDe4E0hIPO5DU47JsgK]
2021-01-09 14:37:44  <--  [200] POST http://localhost:8080/api/payments/webhook [evt_1I7iZYDe4E0hIPO5DU47JsgK]
2021-01-09 14:37:46   --> payment_intent.succeeded [evt_1I7iZaDe4E0hIPO5PX95jKyF]
2021-01-09 14:37:46  <--  [200] POST http://localhost:8080/api/payments/webhook [evt_1I7iZaDe4E0hIPO5PX95jKyF]
2021-01-09 14:37:46   --> charge.succeeded [evt_1I7iZaDe4E0hIPO55NWEtShH]
2021-01-09 14:37:46  <--  [200] POST http://localhost:8080/api/payments/webhook [evt_1I7iZaDe4E0hIPO55NWEtShH]
2021-01-09 14:43:47   --> payment_intent.created [evt_1I7ifODe4E0hIPO5zMUSaeT1]
2021-01-09 14:43:47  <--  [200] POST http://localhost:8080/api/payments/webhook [evt_1I7ifODe4E0hIPO5zMUSaeT1]
2021-01-09 14:43:49   --> payment_intent.succeeded [evt_1I7ifQDe4E0hIPO5cnjXgsFS]
2021-01-09 14:43:49  <--  [200] POST http://localhost:8080/api/payments/webhook [evt_1I7ifQDe4E0hIPO5cnjXgsFS]
2021-01-09 14:43:49   --> charge.succeeded [evt_1I7ifQDe4E0hIPO5IJ6wSPVz]
2021-01-09 14:43:49  <--  [200] POST http://localhost:8080/api/payments/webhook [evt_1I7ifQDe4E0hIPO5IJ6wSPVz]
2021-01-09 14:49:57   --> payment_intent.created [evt_1I7ilMDe4E0hIPO5DrjfE95q]
2021-01-09 14:49:57  <--  [200] POST http://localhost:8080/api/payments/webhook [evt_1I7ilMDe4E0hIPO5DrjfE95q]
2021-01-09 14:49:59   --> payment_intent.succeeded [evt_1I7ilODe4E0hIPO5mGD6y1tu]
2021-01-09 14:49:59  <--  [200] POST http://localhost:8080/api/payments/webhook [evt_1I7ilODe4E0hIPO5mGD6y1tu]
2021-01-09 14:49:59   --> charge.succeeded [evt_1I7ilODe4E0hIPO5D2Hs7MZr]
2021-01-09 14:49:59  <--  [200] POST http://localhost:8080/api/payments/webhook [evt_1I7ilODe4E0hIPO5D2Hs7MZr]
2021-01-09 14:53:08   --> payment_intent.created [evt_1I7ioRDe4E0hIPO5Nn5zGuNS]
2021-01-09 14:53:08  <--  [200] POST http://localhost:8080/api/payments/webhook [evt_1I7ioRDe4E0hIPO5Nn5zGuNS]
2021-01-09 14:53:11   --> payment_intent.succeeded [evt_1I7ioUDe4E0hIPO5qpqZ0StK]
2021-01-09 14:53:11  <--  [200] POST http://localhost:8080/api/payments/webhook [evt_1I7ioUDe4E0hIPO5qpqZ0StK]
2021-01-09 14:53:11   --> charge.succeeded [evt_1I7ioUDe4E0hIPO50N95h5ZV]
2021-01-09 14:53:11  <--  [200] POST http://localhost:8080/api/payments/webhook [evt_1I7ioUDe4E0hIPO50N95h5ZV]
2021-01-09 14:53:38   --> payment_intent.created [evt_1I7iovDe4E0hIPO5gR6YHz5B]
2021-01-09 14:53:38  <--  [200] POST http://localhost:8080/api/payments/webhook [evt_1I7iovDe4E0hIPO5gR6YHz5B]
2021-01-09 14:53:39   --> payment_intent.succeeded [evt_1I7ioxDe4E0hIPO55F5sETv3]
2021-01-09 14:53:39  <--  [200] POST http://localhost:8080/api/payments/webhook [evt_1I7ioxDe4E0hIPO55F5sETv3]
2021-01-09 14:53:40   --> charge.succeeded [evt_1I7ioxDe4E0hIPO51rjSzAKG]
2021-01-09 14:53:40  <--  [200] POST http://localhost:8080/api/payments/webhook [evt_1I7ioxDe4E0hIPO51rjSzAKG]
2021-01-09 15:08:07   --> payment_intent.created [evt_1I7j2xDe4E0hIPO5JPgjfXWP]
2021-01-09 15:08:07  <--  [200] POST http://localhost:8080/api/payments/webhook [evt_1I7j2xDe4E0hIPO5JPgjfXWP]
2021-01-09 15:08:09   --> payment_intent.succeeded [evt_1I7j2zDe4E0hIPO53Y3GlmZ0]
2021-01-09 15:08:09  <--  [200] POST http://localhost:8080/api/payments/webhook [evt_1I7j2zDe4E0hIPO53Y3GlmZ0]
2021-01-09 15:08:09   --> charge.succeeded [evt_1I7j2zDe4E0hIPO50DtnKwLR]
2021-01-09 15:08:09  <--  [200] POST http://localhost:8080/api/payments/webhook [evt_1I7j2zDe4E0hIPO50DtnKwLR]
2021-01-09 15:15:27   --> payment_intent.created [evt_1I7jA3De4E0hIPO5DgA1m1vb]
2021-01-09 15:15:27  <--  [200] POST http://localhost:8080/api/payments/webhook [evt_1I7jA3De4E0hIPO5DgA1m1vb]
2021-01-09 15:15:29   --> payment_intent.succeeded [evt_1I7jA5De4E0hIPO5r5ARdiBW]
2021-01-09 15:15:29  <--  [200] POST http://localhost:8080/api/payments/webhook [evt_1I7jA5De4E0hIPO5r5ARdiBW]
2021-01-09 15:15:29   --> charge.succeeded [evt_1I7jA5De4E0hIPO5qwQXcKYM]
2021-01-09 15:15:29  <--  [200] POST http://localhost:8080/api/payments/webhook [evt_1I7jA5De4E0hIPO5qwQXcKYM]
2021-01-09 15:20:22   --> payment_intent.created [evt_1I7jEnDe4E0hIPO5BrVzfaZS]
2021-01-09 15:20:22  <--  [200] POST http://localhost:8080/api/payments/webhook [evt_1I7jEnDe4E0hIPO5BrVzfaZS]
2021-01-09 15:20:24   --> payment_intent.succeeded [evt_1I7jEpDe4E0hIPO5MbrTnqRj]
2021-01-09 15:20:24  <--  [200] POST http://localhost:8080/api/payments/webhook [evt_1I7jEpDe4E0hIPO5MbrTnqRj]
2021-01-09 15:20:24   --> charge.succeeded [evt_1I7jEpDe4E0hIPO5KF1xuYfg]
2021-01-09 15:20:24  <--  [200] POST http://localhost:8080/api/payments/webhook [evt_1I7jEpDe4E0hIPO5KF1xuYfg]
2021-01-09 15:23:36   --> payment_intent.created [evt_1I7jHwDe4E0hIPO591AjWB0U]
2021-01-09 15:23:36  <--  [200] POST http://localhost:8080/api/payments/webhook [evt_1I7jHwDe4E0hIPO591AjWB0U]
2021-01-09 15:23:38   --> payment_intent.succeeded [evt_1I7jHyDe4E0hIPO5dPaC3qS5]
2021-01-09 15:23:38  <--  [200] POST http://localhost:8080/api/payments/webhook [evt_1I7jHyDe4E0hIPO5dPaC3qS5]
2021-01-09 15:23:38   --> charge.succeeded [evt_1I7jHyDe4E0hIPO5u2rsKqsU]
2021-01-09 15:23:38  <--  [200] POST http://localhost:8080/api/payments/webhook [evt_1I7jHyDe4E0hIPO5u2rsKqsU]
2021-01-09 17:14:25   --> payment_intent.created [evt_1I7l1BDe4E0hIPO59mGwLsZ3]
2021-01-09 17:14:25  <--  [200] POST http://localhost:8080/api/payments/webhook [evt_1I7l1BDe4E0hIPO59mGwLsZ3]
2021-01-09 17:14:27   --> payment_intent.succeeded [evt_1I7l1DDe4E0hIPO5kUaJfhx6]
2021-01-09 17:14:27  <--  [200] POST http://localhost:8080/api/payments/webhook [evt_1I7l1DDe4E0hIPO5kUaJfhx6]
2021-01-09 17:14:27   --> charge.succeeded [evt_1I7l1DDe4E0hIPO5aWioj70i]
2021-01-09 17:14:27            [ERROR] Failed to POST: Post http://localhost:8080/api/payments/webhook: dial tcp [::1]:8080: connect: connection refused

2021-01-09 17:16:35   --> payment_intent.created [evt_1I7l3HDe4E0hIPO501CUtRyF]
2021-01-09 17:16:35  <--  [200] POST http://localhost:8080/api/payments/webhook [evt_1I7l3HDe4E0hIPO501CUtRyF]
2021-01-09 17:16:37   --> payment_intent.succeeded [evt_1I7l3IDe4E0hIPO5b2E3tTBI]
2021-01-09 17:16:37  <--  [200] POST http://localhost:8080/api/payments/webhook [evt_1I7l3IDe4E0hIPO5b2E3tTBI]
2021-01-09 17:16:37   --> charge.succeeded [evt_1I7l3IDe4E0hIPO5oA1kT3BF]
2021-01-09 17:16:37  <--  [200] POST http://localhost:8080/api/payments/webhook [evt_1I7l3IDe4E0hIPO5oA1kT3BF]
2021-01-09 17:43:53   --> payment_intent.succeeded [evt_1I7lThDe4E0hIPO5gFd1Shzl]
2021-01-09 17:43:53  <--  [200] POST http://localhost:8080/api/payments/webhook [evt_1I7lThDe4E0hIPO5gFd1Shzl]
2021-01-09 17:43:53   --> charge.succeeded [evt_1I7lThDe4E0hIPO5sxJHPZoA]
2021-01-09 17:43:53  <--  [200] POST http://localhost:8080/api/payments/webhook [evt_1I7lThDe4E0hIPO5sxJHPZoA]
2021-01-09 17:43:54   --> payment_intent.created [evt_1I7lTfDe4E0hIPO5fw3bgwLL]
2021-01-09 17:43:54  <--  [200] POST http://localhost:8080/api/payments/webhook [evt_1I7lTfDe4E0hIPO5fw3bgwLL]
2021-01-09 22:12:44   --> payment_intent.created [evt_1I7pfsDe4E0hIPO5gmtq7exK]
2021-01-09 22:12:44  <--  [200] POST http://localhost:8080/api/payments/webhook [evt_1I7pfsDe4E0hIPO5gmtq7exK]
2021-01-09 22:12:46   --> payment_intent.succeeded [evt_1I7pftDe4E0hIPO53cLHUa8X]
2021-01-09 22:12:46  <--  [500] POST http://localhost:8080/api/payments/webhook [evt_1I7pftDe4E0hIPO53cLHUa8X]
2021-01-09 22:12:46   --> charge.succeeded [evt_1I7pfuDe4E0hIPO5mzqpPI21]
2021-01-09 22:12:46  <--  [200] POST http://localhost:8080/api/payments/webhook [evt_1I7pfuDe4E0hIPO5mzqpPI21]
